This is pdfTeX, Version 3.141592653-2.6-1.40.28 (TeX Live 2025) (preloaded format=pdflatex 2025.8.22)  23 SEP 2025 17:49
entering extended mode
 restricted \write18 enabled.
 %&-line parsing enabled.
**main.tex
(./main.tex
LaTeX2e <2025-06-01> patch level 1
L3 programming layer <2025-08-13>
(/usr/local/texlive/2025/texmf-dist/tex/latex/beamer/beamer.cls
Document Class: beamer 2025/08/13 v3.76 A class for typesetting presentations
(/usr/local/texlive/2025/texmf-dist/tex/latex/beamer/beamerbasemodes.sty
(/usr/local/texlive/2025/texmf-dist/tex/latex/etoolbox/etoolbox.sty
Package: etoolbox 2025/02/11 v2.5l e-TeX tools for LaTeX (JAW)
\etb@tempcnta=\count275
)
\beamer@tempbox=\box53
\beamer@tempcount=\count276
\c@beamerpauses=\count277

(/usr/local/texlive/2025/texmf-dist/tex/latex/beamer/beamerbasedecode.sty
\beamer@slideinframe=\count278
\beamer@minimum=\count279
\beamer@decode@box=\box54
)
\beamer@commentbox=\box55
\beamer@modecount=\count280
)
(/usr/local/texlive/2025/texmf-dist/tex/generic/iftex/iftex.sty
Package: iftex 2024/12/12 v1.0g TeX engine tests
)
\headdp=\dimen148
\footheight=\dimen149
\sidebarheight=\dimen150
\beamer@tempdim=\dimen151
\beamer@finalheight=\dimen152
\beamer@animht=\dimen153
\beamer@animdp=\dimen154
\beamer@animwd=\dimen155
\beamer@leftmargin=\dimen156
\beamer@rightmargin=\dimen157
\beamer@leftsidebar=\dimen158
\beamer@rightsidebar=\dimen159
\beamer@boxsize=\dimen160
\beamer@vboxoffset=\dimen161
\beamer@descdefault=\dimen162
\beamer@descriptionwidth=\dimen163
\beamer@lastskip=\skip49
\beamer@areabox=\box56
\beamer@animcurrent=\box57
\beamer@animshowbox=\box58
\beamer@sectionbox=\box59
\beamer@logobox=\box60
\beamer@linebox=\box61
\beamer@sectioncount=\count281
\beamer@subsubsectionmax=\count282
\beamer@subsectionmax=\count283
\beamer@sectionmax=\count284
\beamer@totalheads=\count285
\beamer@headcounter=\count286
\beamer@partstartpage=\count287
\beamer@sectionstartpage=\count288
\beamer@subsectionstartpage=\count289
\beamer@animationtempa=\count290
\beamer@animationtempb=\count291
\beamer@xpos=\count292
\beamer@ypos=\count293
\beamer@ypos@offset=\count294
\beamer@showpartnumber=\count295
\beamer@currentsubsection=\count296
\beamer@coveringdepth=\count297
\beamer@sectionadjust=\count298
\beamer@toclastsection=\count299
\beamer@tocsectionnumber=\count300

(/usr/local/texlive/2025/texmf-dist/tex/latex/beamer/beamerbaseoptions.sty
(/usr/local/texlive/2025/texmf-dist/tex/latex/graphics/keyval.sty
Package: keyval 2022/05/29 v1.15 key=value parser (DPC)
\KV@toks@=\toks17
))
\beamer@paperwidth=\skip50
\beamer@paperheight=\skip51

(/usr/local/texlive/2025/texmf-dist/tex/latex/geometry/geometry.sty
Package: geometry 2020/01/02 v5.9 Page Geometry

(/usr/local/texlive/2025/texmf-dist/tex/generic/iftex/ifvtex.sty
Package: ifvtex 2019/10/25 v1.7 ifvtex legacy package. Use iftex instead.
)
\Gm@cnth=\count301
\Gm@cntv=\count302
\c@Gm@tempcnt=\count303
\Gm@bindingoffset=\dimen164
\Gm@wd@mp=\dimen165
\Gm@odd@mp=\dimen166
\Gm@even@mp=\dimen167
\Gm@layoutwidth=\dimen168
\Gm@layoutheight=\dimen169
\Gm@layouthoffset=\dimen170
\Gm@layoutvoffset=\dimen171
\Gm@dimlist=\toks18
)
(/usr/local/texlive/2025/texmf-dist/tex/latex/pgf/math/pgfmath.sty
(/usr/local/texlive/2025/texmf-dist/tex/latex/pgf/utilities/pgfrcs.sty
(/usr/local/texlive/2025/texmf-dist/tex/generic/pgf/utilities/pgfutil-common.te
x
\pgfutil@everybye=\toks19
\pgfutil@tempdima=\dimen172
\pgfutil@tempdimb=\dimen173
)
(/usr/local/texlive/2025/texmf-dist/tex/generic/pgf/utilities/pgfutil-latex.def
\pgfutil@abb=\box62
) (/usr/local/texlive/2025/texmf-dist/tex/generic/pgf/utilities/pgfrcs.code.tex
(/usr/local/texlive/2025/texmf-dist/tex/generic/pgf/pgf.revision.tex)
Package: pgfrcs 2025-08-14 v3.1.11 (3.1.11)
))
(/usr/local/texlive/2025/texmf-dist/tex/latex/pgf/utilities/pgfkeys.sty
(/usr/local/texlive/2025/texmf-dist/tex/generic/pgf/utilities/pgfkeys.code.tex
\pgfkeys@pathtoks=\toks20
\pgfkeys@temptoks=\toks21

(/usr/local/texlive/2025/texmf-dist/tex/generic/pgf/utilities/pgfkeyslibraryfil
tered.code.tex
\pgfkeys@tmptoks=\toks22
)))
(/usr/local/texlive/2025/texmf-dist/tex/generic/pgf/math/pgfmath.code.tex
(/usr/local/texlive/2025/texmf-dist/tex/generic/pgf/math/pgfmathutil.code.tex
\pgf@x=\dimen174
\pgf@xa=\dimen175
\pgf@xb=\dimen176
\pgf@xc=\dimen177
\pgf@y=\dimen178
\pgf@ya=\dimen179
\pgf@yb=\dimen180
\pgf@yc=\dimen181
\c@pgf@counta=\count304
\c@pgf@countb=\count305
\c@pgf@countc=\count306
\c@pgf@countd=\count307
)
(/usr/local/texlive/2025/texmf-dist/tex/generic/pgf/math/pgfmathparser.code.tex
\pgfmath@dimen=\dimen182
\pgfmath@count=\count308
\pgfmath@box=\box63
\pgfmath@toks=\toks23
\pgfmath@stack@operand=\toks24
\pgfmath@stack@operation=\toks25
)
(/usr/local/texlive/2025/texmf-dist/tex/generic/pgf/math/pgfmathfunctions.code.
tex)
(/usr/local/texlive/2025/texmf-dist/tex/generic/pgf/math/pgfmathfunctions.basic
.code.tex)
(/usr/local/texlive/2025/texmf-dist/tex/generic/pgf/math/pgfmathfunctions.trigo
nometric.code.tex)
(/usr/local/texlive/2025/texmf-dist/tex/generic/pgf/math/pgfmathfunctions.rando
m.code.tex)
(/usr/local/texlive/2025/texmf-dist/tex/generic/pgf/math/pgfmathfunctions.compa
rison.code.tex)
(/usr/local/texlive/2025/texmf-dist/tex/generic/pgf/math/pgfmathfunctions.base.
code.tex)
(/usr/local/texlive/2025/texmf-dist/tex/generic/pgf/math/pgfmathfunctions.round
.code.tex)
(/usr/local/texlive/2025/texmf-dist/tex/generic/pgf/math/pgfmathfunctions.misc.
code.tex)
(/usr/local/texlive/2025/texmf-dist/tex/generic/pgf/math/pgfmathfunctions.integ
erarithmetics.code.tex)
(/usr/local/texlive/2025/texmf-dist/tex/generic/pgf/math/pgfmathcalc.code.tex)
(/usr/local/texlive/2025/texmf-dist/tex/generic/pgf/math/pgfmathfloat.code.tex
\c@pgfmathroundto@lastzeros=\count309
))) (/usr/local/texlive/2025/texmf-dist/tex/latex/base/size11.clo
File: size11.clo 2025/01/22 v1.4n Standard LaTeX file (size option)
)
(/usr/local/texlive/2025/texmf-dist/tex/latex/pgf/basiclayer/pgfcore.sty
(/usr/local/texlive/2025/texmf-dist/tex/latex/graphics/graphicx.sty
Package: graphicx 2024/12/31 v1.2e Enhanced LaTeX Graphics (DPC,SPQR)

(/usr/local/texlive/2025/texmf-dist/tex/latex/graphics/graphics.sty
Package: graphics 2024/08/06 v1.4g Standard LaTeX Graphics (DPC,SPQR)

(/usr/local/texlive/2025/texmf-dist/tex/latex/graphics/trig.sty
Package: trig 2023/12/02 v1.11 sin cos tan (DPC)
)
(/usr/local/texlive/2025/texmf-dist/tex/latex/graphics-cfg/graphics.cfg
File: graphics.cfg 2016/06/04 v1.11 sample graphics configuration
)
Package graphics Info: Driver file: pdftex.def on input line 106.

(/usr/local/texlive/2025/texmf-dist/tex/latex/graphics-def/pdftex.def
File: pdftex.def 2024/04/13 v1.2c Graphics/color driver for pdftex
))
\Gin@req@height=\dimen183
\Gin@req@width=\dimen184
)
(/usr/local/texlive/2025/texmf-dist/tex/latex/pgf/systemlayer/pgfsys.sty
(/usr/local/texlive/2025/texmf-dist/tex/generic/pgf/systemlayer/pgfsys.code.tex
Package: pgfsys 2025-08-14 v3.1.11 (3.1.11)
\pgf@x=\dimen185
\pgf@y=\dimen186
\pgf@xa=\dimen187
\pgf@ya=\dimen188
\pgf@xb=\dimen189
\pgf@yb=\dimen190
\pgf@xc=\dimen191
\pgf@yc=\dimen192
\pgf@xd=\dimen193
\pgf@yd=\dimen194
\w@pgf@writea=\write3
\r@pgf@reada=\read2
\c@pgf@counta=\count310
\c@pgf@countb=\count311
\c@pgf@countc=\count312
\c@pgf@countd=\count313
\t@pgf@toka=\toks26
\t@pgf@tokb=\toks27
\t@pgf@tokc=\toks28
\pgf@sys@id@count=\count314
(/usr/local/texlive/2025/texmf-dist/tex/generic/pgf/systemlayer/pgf.cfg
File: pgf.cfg 2025-08-14 v3.1.11 (3.1.11)
)
Driver file for pgf: pgfsys-pdftex.def

(/usr/local/texlive/2025/texmf-dist/tex/generic/pgf/systemlayer/pgfsys-pdftex.d
ef
File: pgfsys-pdftex.def 2025-08-14 v3.1.11 (3.1.11)

(/usr/local/texlive/2025/texmf-dist/tex/generic/pgf/systemlayer/pgfsys-common-p
df.def
File: pgfsys-common-pdf.def 2025-08-14 v3.1.11 (3.1.11)
)))
(/usr/local/texlive/2025/texmf-dist/tex/generic/pgf/systemlayer/pgfsyssoftpath.
code.tex
File: pgfsyssoftpath.code.tex 2025-08-14 v3.1.11 (3.1.11)
\pgfsyssoftpath@smallbuffer@items=\count315
\pgfsyssoftpath@bigbuffer@items=\count316
)
(/usr/local/texlive/2025/texmf-dist/tex/generic/pgf/systemlayer/pgfsysprotocol.
code.tex
File: pgfsysprotocol.code.tex 2025-08-14 v3.1.11 (3.1.11)
)) (/usr/local/texlive/2025/texmf-dist/tex/latex/xcolor/xcolor.sty
Package: xcolor 2024/09/29 v3.02 LaTeX color extensions (UK)

(/usr/local/texlive/2025/texmf-dist/tex/latex/graphics-cfg/color.cfg
File: color.cfg 2016/01/02 v1.6 sample color configuration
)
Package xcolor Info: Driver file: pdftex.def on input line 274.

(/usr/local/texlive/2025/texmf-dist/tex/latex/graphics/mathcolor.ltx)
Package xcolor Info: Model `cmy' substituted by `cmy0' on input line 1349.
Package xcolor Info: Model `hsb' substituted by `rgb' on input line 1353.
Package xcolor Info: Model `RGB' extended on input line 1365.
Package xcolor Info: Model `HTML' substituted by `rgb' on input line 1367.
Package xcolor Info: Model `Hsb' substituted by `hsb' on input line 1368.
Package xcolor Info: Model `tHsb' substituted by `hsb' on input line 1369.
Package xcolor Info: Model `HSB' substituted by `hsb' on input line 1370.
Package xcolor Info: Model `Gray' substituted by `gray' on input line 1371.
Package xcolor Info: Model `wave' substituted by `hsb' on input line 1372.
)
(/usr/local/texlive/2025/texmf-dist/tex/generic/pgf/basiclayer/pgfcore.code.tex
Package: pgfcore 2025-08-14 v3.1.11 (3.1.11)
(/usr/local/texlive/2025/texmf-dist/tex/generic/pgf/math/pgfint.code.tex)
(/usr/local/texlive/2025/texmf-dist/tex/generic/pgf/basiclayer/pgfcorepoints.co
de.tex
File: pgfcorepoints.code.tex 2025-08-14 v3.1.11 (3.1.11)
\pgf@picminx=\dimen195
\pgf@picmaxx=\dimen196
\pgf@picminy=\dimen197
\pgf@picmaxy=\dimen198
\pgf@pathminx=\dimen199
\pgf@pathmaxx=\dimen256
\pgf@pathminy=\dimen257
\pgf@pathmaxy=\dimen258
\pgf@xx=\dimen259
\pgf@xy=\dimen260
\pgf@yx=\dimen261
\pgf@yy=\dimen262
\pgf@zx=\dimen263
\pgf@zy=\dimen264
)
(/usr/local/texlive/2025/texmf-dist/tex/generic/pgf/basiclayer/pgfcorepathconst
ruct.code.tex
File: pgfcorepathconstruct.code.tex 2025-08-14 v3.1.11 (3.1.11)
\pgf@path@lastx=\dimen265
\pgf@path@lasty=\dimen266
)
(/usr/local/texlive/2025/texmf-dist/tex/generic/pgf/basiclayer/pgfcorepathusage
.code.tex
File: pgfcorepathusage.code.tex 2025-08-14 v3.1.11 (3.1.11)
\pgf@shorten@end@additional=\dimen267
\pgf@shorten@start@additional=\dimen268
)
(/usr/local/texlive/2025/texmf-dist/tex/generic/pgf/basiclayer/pgfcorescopes.co
de.tex
File: pgfcorescopes.code.tex 2025-08-14 v3.1.11 (3.1.11)
\pgfpic=\box64
\pgf@hbox=\box65
\pgf@layerbox@main=\box66
\pgf@picture@serial@count=\count317
)
(/usr/local/texlive/2025/texmf-dist/tex/generic/pgf/basiclayer/pgfcoregraphicst
ate.code.tex
File: pgfcoregraphicstate.code.tex 2025-08-14 v3.1.11 (3.1.11)
\pgflinewidth=\dimen269
)
(/usr/local/texlive/2025/texmf-dist/tex/generic/pgf/basiclayer/pgfcoretransform
ations.code.tex
File: pgfcoretransformations.code.tex 2025-08-14 v3.1.11 (3.1.11)
\pgf@pt@x=\dimen270
\pgf@pt@y=\dimen271
\pgf@pt@temp=\dimen272
)
(/usr/local/texlive/2025/texmf-dist/tex/generic/pgf/basiclayer/pgfcorequick.cod
e.tex
File: pgfcorequick.code.tex 2025-08-14 v3.1.11 (3.1.11)
)
(/usr/local/texlive/2025/texmf-dist/tex/generic/pgf/basiclayer/pgfcoreobjects.c
ode.tex
File: pgfcoreobjects.code.tex 2025-08-14 v3.1.11 (3.1.11)
)
(/usr/local/texlive/2025/texmf-dist/tex/generic/pgf/basiclayer/pgfcorepathproce
ssing.code.tex
File: pgfcorepathprocessing.code.tex 2025-08-14 v3.1.11 (3.1.11)
)
(/usr/local/texlive/2025/texmf-dist/tex/generic/pgf/basiclayer/pgfcorearrows.co
de.tex
File: pgfcorearrows.code.tex 2025-08-14 v3.1.11 (3.1.11)
\pgfarrowsep=\dimen273
)
(/usr/local/texlive/2025/texmf-dist/tex/generic/pgf/basiclayer/pgfcoreshade.cod
e.tex
File: pgfcoreshade.code.tex 2025-08-14 v3.1.11 (3.1.11)
\pgf@max=\dimen274
\pgf@sys@shading@range@num=\count318
\pgf@shadingcount=\count319
)
(/usr/local/texlive/2025/texmf-dist/tex/generic/pgf/basiclayer/pgfcoreimage.cod
e.tex
File: pgfcoreimage.code.tex 2025-08-14 v3.1.11 (3.1.11)
)
(/usr/local/texlive/2025/texmf-dist/tex/generic/pgf/basiclayer/pgfcoreexternal.
code.tex
File: pgfcoreexternal.code.tex 2025-08-14 v3.1.11 (3.1.11)
\pgfexternal@startupbox=\box67
)
(/usr/local/texlive/2025/texmf-dist/tex/generic/pgf/basiclayer/pgfcorelayers.co
de.tex
File: pgfcorelayers.code.tex 2025-08-14 v3.1.11 (3.1.11)
)
(/usr/local/texlive/2025/texmf-dist/tex/generic/pgf/basiclayer/pgfcoretranspare
ncy.code.tex
File: pgfcoretransparency.code.tex 2025-08-14 v3.1.11 (3.1.11)
)
(/usr/local/texlive/2025/texmf-dist/tex/generic/pgf/basiclayer/pgfcorepatterns.
code.tex
File: pgfcorepatterns.code.tex 2025-08-14 v3.1.11 (3.1.11)
)
(/usr/local/texlive/2025/texmf-dist/tex/generic/pgf/basiclayer/pgfcorerdf.code.
tex
File: pgfcorerdf.code.tex 2025-08-14 v3.1.11 (3.1.11)
))) (/usr/local/texlive/2025/texmf-dist/tex/latex/pgf/utilities/xxcolor.sty
Package: xxcolor 2003/10/24 ver 0.1
\XC@nummixins=\count320
\XC@countmixins=\count321
) (/usr/local/texlive/2025/texmf-dist/tex/latex/base/atbegshi-ltx.sty
Package: atbegshi-ltx 2021/01/10 v1.0c Emulation of the original atbegshi
package with kernel methods
)
(/usr/local/texlive/2025/texmf-dist/tex/latex/hyperref/hyperref.sty
Package: hyperref 2025-07-12 v7.01o Hypertext links for LaTeX

(/usr/local/texlive/2025/texmf-dist/tex/latex/kvsetkeys/kvsetkeys.sty
Package: kvsetkeys 2022-10-05 v1.19 Key value parser (HO)
)
(/usr/local/texlive/2025/texmf-dist/tex/generic/kvdefinekeys/kvdefinekeys.sty
Package: kvdefinekeys 2019-12-19 v1.6 Define keys (HO)
)
(/usr/local/texlive/2025/texmf-dist/tex/generic/pdfescape/pdfescape.sty
Package: pdfescape 2019/12/09 v1.15 Implements pdfTeX's escape features (HO)

(/usr/local/texlive/2025/texmf-dist/tex/generic/ltxcmds/ltxcmds.sty
Package: ltxcmds 2023-12-04 v1.26 LaTeX kernel commands for general use (HO)
)
(/usr/local/texlive/2025/texmf-dist/tex/generic/pdftexcmds/pdftexcmds.sty
Package: pdftexcmds 2020-06-27 v0.33 Utility functions of pdfTeX for LuaTeX (HO
)

(/usr/local/texlive/2025/texmf-dist/tex/generic/infwarerr/infwarerr.sty
Package: infwarerr 2019/12/03 v1.5 Providing info/warning/error messages (HO)
)
Package pdftexcmds Info: \pdf@primitive is available.
Package pdftexcmds Info: \pdf@ifprimitive is available.
Package pdftexcmds Info: \pdfdraftmode found.
))
(/usr/local/texlive/2025/texmf-dist/tex/latex/hycolor/hycolor.sty
Package: hycolor 2020-01-27 v1.10 Color options for hyperref/bookmark (HO)
)
(/usr/local/texlive/2025/texmf-dist/tex/latex/hyperref/nameref.sty
Package: nameref 2025-06-21 v2.57 Cross-referencing by name of section

(/usr/local/texlive/2025/texmf-dist/tex/latex/refcount/refcount.sty
Package: refcount 2019/12/15 v3.6 Data extraction from label references (HO)
)
(/usr/local/texlive/2025/texmf-dist/tex/generic/gettitlestring/gettitlestring.s
ty
Package: gettitlestring 2019/12/15 v1.6 Cleanup title references (HO)
 (/usr/local/texlive/2025/texmf-dist/tex/latex/kvoptions/kvoptions.sty
Package: kvoptions 2022-06-15 v3.15 Key value format for package options (HO)
))
\c@section@level=\count322
)
(/usr/local/texlive/2025/texmf-dist/tex/generic/stringenc/stringenc.sty
Package: stringenc 2019/11/29 v1.12 Convert strings between diff. encodings (HO
)
)
\@linkdim=\dimen275
\Hy@linkcounter=\count323
\Hy@pagecounter=\count324

(/usr/local/texlive/2025/texmf-dist/tex/latex/hyperref/pd1enc.def
File: pd1enc.def 2025-07-12 v7.01o Hyperref: PDFDocEncoding definition (HO)
Now handling font encoding PD1 ...
... no UTF-8 mapping file for font encoding PD1
)
(/usr/local/texlive/2025/texmf-dist/tex/generic/intcalc/intcalc.sty
Package: intcalc 2019/12/15 v1.3 Expandable calculations with integers (HO)
)
\Hy@SavedSpaceFactor=\count325

(/usr/local/texlive/2025/texmf-dist/tex/latex/hyperref/puenc.def
File: puenc.def 2025-07-12 v7.01o Hyperref: PDF Unicode definition (HO)
Now handling font encoding PU ...
... no UTF-8 mapping file for font encoding PU
)
Package hyperref Info: Option `bookmarks' set `true' on input line 4066.
Package hyperref Info: Option `bookmarksopen' set `true' on input line 4066.
Package hyperref Info: Option `implicit' set `false' on input line 4066.
Package hyperref Info: Hyper figures OFF on input line 4195.
Package hyperref Info: Link nesting OFF on input line 4200.
Package hyperref Info: Hyper index ON on input line 4203.
Package hyperref Info: Plain pages OFF on input line 4210.
Package hyperref Info: Backreferencing OFF on input line 4215.
Package hyperref Info: Implicit mode OFF; no redefinition of LaTeX internals.
Package hyperref Info: Bookmarks ON on input line 4462.
\c@Hy@tempcnt=\count326

(/usr/local/texlive/2025/texmf-dist/tex/latex/url/url.sty
\Urlmuskip=\muskip17
Package: url 2013/09/16  ver 3.4  Verb mode for urls, etc.
)
LaTeX Info: Redefining \url on input line 4801.
\XeTeXLinkMargin=\dimen276

(/usr/local/texlive/2025/texmf-dist/tex/generic/bitset/bitset.sty
Package: bitset 2019/12/09 v1.3 Handle bit-vector datatype (HO)

(/usr/local/texlive/2025/texmf-dist/tex/generic/bigintcalc/bigintcalc.sty
Package: bigintcalc 2019/12/15 v1.5 Expandable calculations on big integers (HO
)
))
\Fld@menulength=\count327
\Field@Width=\dimen277
\Fld@charsize=\dimen278
Package hyperref Info: Hyper figures OFF on input line 6078.
Package hyperref Info: Link nesting OFF on input line 6083.
Package hyperref Info: Hyper index ON on input line 6086.
Package hyperref Info: backreferencing OFF on input line 6093.
Package hyperref Info: Link coloring OFF on input line 6098.
Package hyperref Info: Link coloring with OCG OFF on input line 6103.
Package hyperref Info: PDF/A mode OFF on input line 6108.
\Hy@abspage=\count328


Package hyperref Message: Stopped early.

)
Package hyperref Info: Driver (autodetected): hpdftex.
 (/usr/local/texlive/2025/texmf-dist/tex/latex/hyperref/hpdftex.def
File: hpdftex.def 2025-07-12 v7.01o Hyperref driver for pdfTeX
\Fld@listcount=\count329
\c@bookmark@seq@number=\count330

(/usr/local/texlive/2025/texmf-dist/tex/latex/rerunfilecheck/rerunfilecheck.sty
Package: rerunfilecheck 2025-06-21 v1.11 Rerun checks for auxiliary files (HO)

(/usr/local/texlive/2025/texmf-dist/tex/generic/uniquecounter/uniquecounter.sty
Package: uniquecounter 2019/12/15 v1.4 Provide unlimited unique counter (HO)
)
Package uniquecounter Info: New unique counter `rerunfilecheck' on input line 2
84.
)) (/usr/local/texlive/2025/texmf-dist/tex/latex/beamer/beamerbaserequires.sty
(/usr/local/texlive/2025/texmf-dist/tex/latex/beamer/beamerbasecompatibility.st
y) (/usr/local/texlive/2025/texmf-dist/tex/latex/beamer/beamerbasefont.sty
(/usr/local/texlive/2025/texmf-dist/tex/latex/amsfonts/amssymb.sty
Package: amssymb 2013/01/14 v3.01 AMS font symbols

(/usr/local/texlive/2025/texmf-dist/tex/latex/amsfonts/amsfonts.sty
Package: amsfonts 2013/01/14 v3.01 Basic AMSFonts support
\@emptytoks=\toks29
\symAMSa=\mathgroup4
\symAMSb=\mathgroup5
LaTeX Font Info:    Redeclaring math symbol \hbar on input line 98.
LaTeX Font Info:    Overwriting math alphabet `\mathfrak' in version `bold'
(Font)                  U/euf/m/n --> U/euf/b/n on input line 106.
))
(/usr/local/texlive/2025/texmf-dist/tex/latex/sansmathaccent/sansmathaccent.sty
Package: sansmathaccent 2020/01/31
(/usr/local/texlive/2025/texmf-dist/tex/latex/koma-script/scrlfile.sty
Package: scrlfile 2025/08/19 v3.46 KOMA-Script package (file load hooks)

(/usr/local/texlive/2025/texmf-dist/tex/latex/koma-script/scrlfile-hook.sty
Package: scrlfile-hook 2025/08/19 v3.46 KOMA-Script package (using LaTeX hooks)


(/usr/local/texlive/2025/texmf-dist/tex/latex/koma-script/scrlogo.sty
Package: scrlogo 2025/08/19 v3.46 KOMA-Script package (logo)
)))))
(/usr/local/texlive/2025/texmf-dist/tex/latex/beamer/beamerbasetranslator.sty
(/usr/local/texlive/2025/texmf-dist/tex/latex/translator/translator.sty
Package: translator 2021-05-31 v1.12d Easy translation of strings in LaTeX
))
(/usr/local/texlive/2025/texmf-dist/tex/latex/beamer/beamerbasemisc.sty)
(/usr/local/texlive/2025/texmf-dist/tex/latex/beamer/beamerbasetwoscreens.sty)
(/usr/local/texlive/2025/texmf-dist/tex/latex/beamer/beamerbaseoverlay.sty
\beamer@argscount=\count331
\beamer@lastskipcover=\skip52
\beamer@trivlistdepth=\count332
)
(/usr/local/texlive/2025/texmf-dist/tex/latex/beamer/beamerbasetitle.sty)
(/usr/local/texlive/2025/texmf-dist/tex/latex/beamer/beamerbasesection.sty
\c@lecture=\count333
\c@part=\count334
\c@section=\count335
\c@subsection=\count336
\c@subsubsection=\count337
)
(/usr/local/texlive/2025/texmf-dist/tex/latex/beamer/beamerbaseframe.sty
\beamer@framebox=\box68
\beamer@frametitlebox=\box69
\beamer@zoombox=\box70
\beamer@zoomcount=\count338
\beamer@zoomframecount=\count339
\beamer@frametextheight=\dimen279
\c@subsectionslide=\count340
\beamer@frametopskip=\skip53
\beamer@framebottomskip=\skip54
\beamer@frametopskipautobreak=\skip55
\beamer@framebottomskipautobreak=\skip56
\beamer@envbody=\toks30
\framewidth=\dimen280
\c@framenumber=\count341
)
(/usr/local/texlive/2025/texmf-dist/tex/latex/beamer/beamerbaseverbatim.sty
\beamer@verbatimfileout=\write4
)
(/usr/local/texlive/2025/texmf-dist/tex/latex/beamer/beamerbaseframesize.sty
\beamer@splitbox=\box71
\beamer@autobreakcount=\count342
\beamer@autobreaklastheight=\dimen281
\beamer@frametitletoks=\toks31
\beamer@framesubtitletoks=\toks32
)
(/usr/local/texlive/2025/texmf-dist/tex/latex/beamer/beamerbaseframecomponents.
sty
\beamer@colheight=\skip57
\beamer@footins=\box72
) (/usr/local/texlive/2025/texmf-dist/tex/latex/beamer/beamerbasecolor.sty)
(/usr/local/texlive/2025/texmf-dist/tex/latex/beamer/beamerbasenotes.sty
\beamer@frameboxcopy=\box73
)
(/usr/local/texlive/2025/texmf-dist/tex/latex/beamer/beamerbasetoc.sty)
(/usr/local/texlive/2025/texmf-dist/tex/latex/beamer/beamerbasetemplates.sty
\beamer@sbttoks=\toks33

(/usr/local/texlive/2025/texmf-dist/tex/latex/beamer/beamerbaseauxtemplates.sty
(/usr/local/texlive/2025/texmf-dist/tex/latex/beamer/beamerbaseboxes.sty
\bmb@box=\box74
\bmb@colorbox=\box75
\bmb@boxwidth=\dimen282
\bmb@boxheight=\dimen283
\bmb@prevheight=\dimen284
\bmb@temp=\dimen285
\bmb@dima=\dimen286
\bmb@dimb=\dimen287
\bmb@prevheight=\dimen288
)
\beamer@blockheadheight=\dimen289
))
(/usr/local/texlive/2025/texmf-dist/tex/latex/beamer/beamerbaselocalstructure.s
ty (/usr/local/texlive/2025/texmf-dist/tex/latex/tools/enumerate.sty
Package: enumerate 2023/07/04 v3.00 enumerate extensions (DPC)
\@enLab=\toks34
)
\beamer@bibiconwidth=\skip58
\c@figure=\count343
\c@table=\count344
\abovecaptionskip=\skip59
\belowcaptionskip=\skip60
)
(/usr/local/texlive/2025/texmf-dist/tex/latex/beamer/beamerbasenavigation.sty
(/usr/local/texlive/2025/texmf-dist/tex/latex/beamer/beamerbasenavigationsymbol
s.tex)
\beamer@section@min@dim=\dimen290
)
(/usr/local/texlive/2025/texmf-dist/tex/latex/beamer/beamerbasetheorems.sty
(/usr/local/texlive/2025/texmf-dist/tex/latex/amsmath/amsmath.sty
Package: amsmath 2025/06/16 v2.17y AMS math features
\@mathmargin=\skip61

For additional information on amsmath, use the `?' option.
(/usr/local/texlive/2025/texmf-dist/tex/latex/amsmath/amstext.sty
Package: amstext 2024/11/17 v2.01 AMS text

(/usr/local/texlive/2025/texmf-dist/tex/latex/amsmath/amsgen.sty
File: amsgen.sty 1999/11/30 v2.0 generic functions
\@emptytoks=\toks35
\ex@=\dimen291
))
(/usr/local/texlive/2025/texmf-dist/tex/latex/amsmath/amsbsy.sty
Package: amsbsy 1999/11/29 v1.2d Bold Symbols
\pmbraise@=\dimen292
)
(/usr/local/texlive/2025/texmf-dist/tex/latex/amsmath/amsopn.sty
Package: amsopn 2022/04/08 v2.04 operator names
)
\inf@bad=\count345
LaTeX Info: Redefining \frac on input line 233.
\uproot@=\count346
\leftroot@=\count347
LaTeX Info: Redefining \overline on input line 398.
LaTeX Info: Redefining \colon on input line 409.
\classnum@=\count348
\DOTSCASE@=\count349
LaTeX Info: Redefining \ldots on input line 495.
LaTeX Info: Redefining \dots on input line 498.
LaTeX Info: Redefining \cdots on input line 619.
\Mathstrutbox@=\box76
\strutbox@=\box77
LaTeX Info: Redefining \big on input line 721.
LaTeX Info: Redefining \Big on input line 722.
LaTeX Info: Redefining \bigg on input line 723.
LaTeX Info: Redefining \Bigg on input line 724.
\big@size=\dimen293
LaTeX Font Info:    Redeclaring font encoding OML on input line 742.
LaTeX Font Info:    Redeclaring font encoding OMS on input line 743.
\macc@depth=\count350
LaTeX Info: Redefining \bmod on input line 904.
LaTeX Info: Redefining \pmod on input line 909.
LaTeX Info: Redefining \smash on input line 939.
LaTeX Info: Redefining \relbar on input line 969.
LaTeX Info: Redefining \Relbar on input line 970.
\c@MaxMatrixCols=\count351
\dotsspace@=\muskip18
\c@parentequation=\count352
\dspbrk@lvl=\count353
\tag@help=\toks36
\row@=\count354
\column@=\count355
\maxfields@=\count356
\andhelp@=\toks37
\eqnshift@=\dimen294
\alignsep@=\dimen295
\tagshift@=\dimen296
\tagwidth@=\dimen297
\totwidth@=\dimen298
\lineht@=\dimen299
\@envbody=\toks38
\multlinegap=\skip62
\multlinetaggap=\skip63
\mathdisplay@stack=\toks39
LaTeX Info: Redefining \[ on input line 2949.
LaTeX Info: Redefining \] on input line 2950.
)
(/usr/local/texlive/2025/texmf-dist/tex/latex/amscls/amsthm.sty
Package: amsthm 2020/05/29 v2.20.6
\thm@style=\toks40
\thm@bodyfont=\toks41
\thm@headfont=\toks42
\thm@notefont=\toks43
\thm@headpunct=\toks44
\thm@preskip=\skip64
\thm@postskip=\skip65
\thm@headsep=\skip66
\dth@everypar=\toks45
)
\c@theorem=\count357
)
(/usr/local/texlive/2025/texmf-dist/tex/latex/beamer/beamerbasethemes.sty))
(/usr/local/texlive/2025/texmf-dist/tex/latex/beamer/beamerthemedefault.sty
(/usr/local/texlive/2025/texmf-dist/tex/latex/beamer/beamerfontthemedefault.sty
)
(/usr/local/texlive/2025/texmf-dist/tex/latex/beamer/beamercolorthemedefault.st
y)
(/usr/local/texlive/2025/texmf-dist/tex/latex/beamer/beamerinnerthemedefault.st
y
\beamer@dima=\dimen300
\beamer@dimb=\dimen301
)
(/usr/local/texlive/2025/texmf-dist/tex/latex/beamer/beamerouterthemedefault.st
y))) (/usr/local/texlive/2025/texmf-dist/tex/latex/silence/silence.sty
Package: silence 2012/07/02 v1.5b Selective filtering of warnings and error mes
sages
\sl@Save=\count358
\sl@StateNumber=\count359
\sl@MessageCount=\count360
\sl@Casualties=\count361
\sl@Filter=\toks46
\sl@Message=\toks47
\sl@UnexpandedMessage=\toks48
\sl@Mess@ge=\toks49
\sl@WarningCount=\count362
\sl@WarningNumber=\count363
\sl@WarningCasualties=\count364
\sl@TempBOW=\toks50
\sl@BankOfWarnings=\toks51
LaTeX Info: Redefining \GenericWarning on input line 433.
\sl@ErrorCount=\count365
\sl@ErrorNumber=\count366
\sl@ErrorCasualties=\count367
\sl@TempBOE=\toks52
\sl@BankOfErrors=\toks53
LaTeX Info: Redefining \GenericError on input line 601.
)
(/usr/local/texlive/2025/texmf-dist/tex/latex/beamer/beamerthemeCopenhagen.sty
(/usr/local/texlive/2025/texmf-dist/tex/latex/beamer/beamerouterthemesplit.sty)

(/usr/local/texlive/2025/texmf-dist/tex/latex/beamer/beamerinnerthemerounded.st
y)
(/usr/local/texlive/2025/texmf-dist/tex/latex/beamer/beamercolorthemewhale.sty)

(/usr/local/texlive/2025/texmf-dist/tex/latex/beamer/beamercolorthemeorchid.sty
))
(/usr/local/texlive/2025/texmf-dist/tex/latex/beamer/beamerouterthemeinfolines.
sty) (./config.tex
(/usr/local/texlive/2025/texmf-dist/tex/latex/base/inputenc.sty
Package: inputenc 2024/02/08 v1.3d Input encoding file
\inpenc@prehook=\toks54
\inpenc@posthook=\toks55
)
(/usr/local/texlive/2025/texmf-dist/tex/latex/base/fontenc.sty
Package: fontenc 2024/12/21 v2.1c Standard LaTeX package
)
(/usr/local/texlive/2025/texmf-dist/tex/latex/lm/lmodern.sty
Package: lmodern 2015/05/01 v1.6.1 Latin Modern Fonts
LaTeX Font Info:    Overwriting symbol font `operators' in version `normal'
(Font)                  OT1/cmr/m/n --> OT1/lmr/m/n on input line 22.
LaTeX Font Info:    Overwriting symbol font `letters' in version `normal'
(Font)                  OML/cmm/m/it --> OML/lmm/m/it on input line 23.
LaTeX Font Info:    Overwriting symbol font `symbols' in version `normal'
(Font)                  OMS/cmsy/m/n --> OMS/lmsy/m/n on input line 24.
LaTeX Font Info:    Overwriting symbol font `largesymbols' in version `normal'
(Font)                  OMX/cmex/m/n --> OMX/lmex/m/n on input line 25.
LaTeX Font Info:    Overwriting symbol font `operators' in version `bold'
(Font)                  OT1/cmr/bx/n --> OT1/lmr/bx/n on input line 26.
LaTeX Font Info:    Overwriting symbol font `letters' in version `bold'
(Font)                  OML/cmm/b/it --> OML/lmm/b/it on input line 27.
LaTeX Font Info:    Overwriting symbol font `symbols' in version `bold'
(Font)                  OMS/cmsy/b/n --> OMS/lmsy/b/n on input line 28.
LaTeX Font Info:    Overwriting symbol font `largesymbols' in version `bold'
(Font)                  OMX/cmex/m/n --> OMX/lmex/m/n on input line 29.
LaTeX Font Info:    Overwriting math alphabet `\mathbf' in version `normal'
(Font)                  OT1/cmr/bx/n --> OT1/lmr/bx/n on input line 31.
LaTeX Font Info:    Overwriting math alphabet `\mathsf' in version `normal'
(Font)                  OT1/cmss/m/n --> OT1/lmss/m/n on input line 32.
LaTeX Font Info:    Overwriting math alphabet `\mathit' in version `normal'
(Font)                  OT1/cmr/m/it --> OT1/lmr/m/it on input line 33.
LaTeX Font Info:    Overwriting math alphabet `\mathtt' in version `normal'
(Font)                  OT1/cmtt/m/n --> OT1/lmtt/m/n on input line 34.
LaTeX Font Info:    Overwriting math alphabet `\mathbf' in version `bold'
(Font)                  OT1/cmr/bx/n --> OT1/lmr/bx/n on input line 35.
LaTeX Font Info:    Overwriting math alphabet `\mathsf' in version `bold'
(Font)                  OT1/cmss/bx/n --> OT1/lmss/bx/n on input line 36.
LaTeX Font Info:    Overwriting math alphabet `\mathit' in version `bold'
(Font)                  OT1/cmr/bx/it --> OT1/lmr/bx/it on input line 37.
LaTeX Font Info:    Overwriting math alphabet `\mathtt' in version `bold'
(Font)                  OT1/cmtt/m/n --> OT1/lmtt/m/n on input line 38.
)
(/usr/local/texlive/2025/texmf-dist/tex/latex/hyphenat/hyphenat.sty
Package: hyphenat 2009/09/02 v2.3c hyphenation utilities
\langwohyphens=\language90
LaTeX Info: Redefining \_ on input line 43.
)
(/usr/local/texlive/2025/texmf-dist/tex/generic/babel/babel.sty
Package: babel 2025/08/03 v25.12 The multilingual framework for LuaLaTeX, pdfLa
TeX and XeLaTeX
\babel@savecnt=\count368
LaTeX Encoding Info:    Redeclaring text command \ij (encoding OT1) on input li
ne 2045.
LaTeX Encoding Info:    Redeclaring text command \IJ (encoding OT1) on input li
ne 2047.
LaTeX Encoding Info:    Redeclaring text command \ij (encoding T1) on input lin
e 2049.
LaTeX Encoding Info:    Redeclaring text command \IJ (encoding T1) on input lin
e 2050.
LaTeX Encoding Info:    Ignoring declaration for text command \ij (encoding ?) 
on input line 2051.
LaTeX Encoding Info:    Ignoring declaration for text command \IJ (encoding ?) 
on input line 2053.
LaTeX Encoding Info:    Ignoring declaration for text command \SS (encoding ?) 
on input line 2078.
\U@D=\dimen302
\l@unhyphenated=\language91

(/usr/local/texlive/2025/texmf-dist/tex/generic/babel/txtbabel.def)
\bbl@readstream=\read3
LaTeX Info: Redefining \textlatin on input line 3930.
\bbl@dirlevel=\count369

(/usr/local/texlive/2025/texmf-dist/tex/generic/babel-german/ngerman.ldf
Language: ngerman 2024/12/10 v2.15 German support for babel (post-1996 orthogra
phy)

(/usr/local/texlive/2025/texmf-dist/tex/generic/babel/locale/de/babel-ngerman.t
ex
Package babel Info: Importing font and identification data for ngerman
(babel)             from babel-de.ini. Reported on input line 12.
) (/usr/local/texlive/2025/texmf-dist/tex/generic/babel-german/ngermanb.ldf
Language: ngermanb 2024/12/10 v2.15 German support for babel (post-1996 orthogr
aphy)
Package babel Info: Making " an active character on input line 122.
)) (/usr/local/texlive/2025/texmf-dist/tex/generic/babel-english/english.ldf
Language: english 2017/06/06 v3.3r English support from the babel system

(/usr/local/texlive/2025/texmf-dist/tex/generic/babel/locale/en/babel-english.t
ex
Package babel Info: Importing font and identification data for english
(babel)             from babel-en.ini. Reported on input line 12.
)
Package babel Info: Hyphen rules for 'canadian' set to \l@english
(babel)             (\language0). Reported on input line 102.
Package babel Info: Hyphen rules for 'australian' set to \l@ukenglish
(babel)             (\language22). Reported on input line 105.
Package babel Info: Hyphen rules for 'newzealand' set to \l@ukenglish
(babel)             (\language22). Reported on input line 108.
)) (/usr/local/texlive/2025/texmf-dist/tex/latex/csquotes/csquotes.sty
Package: csquotes 2024-04-04 v5.2o context-sensitive quotations (JAW)
\csq@reset=\count370
\csq@gtype=\count371
\csq@glevel=\count372
\csq@qlevel=\count373
\csq@maxlvl=\count374
\csq@tshold=\count375
\csq@ltx@everypar=\toks56

(/usr/local/texlive/2025/texmf-dist/tex/latex/csquotes/csquotes.def
File: csquotes.def 2024-04-04 v5.2o csquotes generic definitions (JAW)
)
Package csquotes Info: Trying to load configuration file 'csquotes.cfg'...
Package csquotes Info: ... configuration file loaded successfully.

(/usr/local/texlive/2025/texmf-dist/tex/latex/csquotes/csquotes.cfg
File: csquotes.cfg 
)
Package csquotes Info: Option 'babel' depreciated.
(csquotes)             Using 'autostyle'.
Package csquotes Info: Enabling multilingual quotes.
)
(/usr/local/texlive/2025/texmf-dist/tex/latex/cite/cite.sty
LaTeX Info: Redefining \cite on input line 302.
LaTeX Info: Redefining \nocite on input line 332.
Package: cite 2015/02/27  v 5.5
)
(/usr/local/texlive/2025/texmf-dist/tex/latex/sansmath/sansmath.sty
Package: sansmath 2007/02/28  ver 1.1 Donald Arseneau
\c@mv@sans=\count376
LaTeX Font Info:    Overwriting math alphabet `\mathrm' in version `sans'
(Font)                  OT1/cmr/m/n --> OT1/lmss/m/n on input line 103.
LaTeX Font Info:    Overwriting math alphabet `\mathsfsl' in version `sans'
(Font)                  OT1/lmss/m/sl --> OT1/lmss/m/sl on input line 104.
LaTeX Font Info:    Overwriting symbol font `operators' in version `sans'
(Font)                  OT1/cmr/m/n --> OT1/lmss/m/n on input line 105.
LaTeX Font Info:    Overwriting symbol font `letters' in version `sans'
(Font)                  OML/cmm/m/it --> OML/cmm/m/it on input line 109.
LaTeX Font Info:    Overwriting symbol font `symbols' in version `sans'
(Font)                  OMS/cmsy/m/n --> OMS/cmsy/m/n on input line 110.
LaTeX Font Info:    Overwriting math alphabet `\mathsfbf' in version `sans'
(Font)                  OT1/lmss/bx/sl --> OT1/lmss/bx/n on input line 112.
)
(/usr/local/texlive/2025/texmf-dist/tex/latex/was/upgreek.sty
Package: upgreek 2003/02/12 v2.0 (WaS)
Package upgreek Info: Using Euler Roman for upright Greek on input line 31.
\symugrf@m=\mathgroup6
LaTeX Font Info:    Overwriting symbol font `ugrf@m' in version `bold'
(Font)                  U/eur/m/n --> U/eur/b/n on input line 38.
)
(/usr/local/texlive/2025/texmf-dist/tex/latex/units/units.sty
Package: units 1998/08/04 v0.9b Typesetting units

(/usr/local/texlive/2025/texmf-dist/tex/latex/base/ifthen.sty
Package: ifthen 2024/03/16 v1.1e Standard LaTeX ifthen package (DPC)
)
(/usr/local/texlive/2025/texmf-dist/tex/latex/units/nicefrac.sty
Package: nicefrac 1998/08/04 v0.9b Nice fractions
\L@UnitsRaiseDisplaystyle=\skip67
\L@UnitsRaiseTextstyle=\skip68
\L@UnitsRaiseScriptstyle=\skip69
))
(/usr/local/texlive/2025/texmf-dist/tex/latex/ragged2e/ragged2e.sty
Package: ragged2e 2023/06/22 v3.6 ragged2e Package
\CenteringLeftskip=\skip70
\RaggedLeftLeftskip=\skip71
\RaggedRightLeftskip=\skip72
\CenteringRightskip=\skip73
\RaggedLeftRightskip=\skip74
\RaggedRightRightskip=\skip75
\CenteringParfillskip=\skip76
\RaggedLeftParfillskip=\skip77
\RaggedRightParfillskip=\skip78
\JustifyingParfillskip=\skip79
\CenteringParindent=\skip80
\RaggedLeftParindent=\skip81
\RaggedRightParindent=\skip82
\JustifyingParindent=\skip83
)
(/usr/local/texlive/2025/texmf-dist/tex/latex/animate/animate.sty
Package: animate 2024/10/14 PDF & SVG animations from files and inline graphics


(/usr/local/texlive/2025/texmf-dist/tex/latex/oberdiek/ifdraft.sty
Package: ifdraft 2016/05/16 v1.4 Detect class options draft and final (HO)
)
(/usr/local/texlive/2025/texmf-dist/tex/latex/tools/calc.sty
Package: calc 2025/03/01 v4.3b Infix arithmetic (KKT,FJ)
\calc@Acount=\count377
\calc@Bcount=\count378
\calc@Adimen=\dimen303
\calc@Bdimen=\dimen304
\calc@Askip=\skip84
\calc@Bskip=\skip85
LaTeX Info: Redefining \setlength on input line 86.
LaTeX Info: Redefining \addtolength on input line 87.
\calc@Ccount=\count379
\calc@Cskip=\skip86
)
(/usr/local/texlive/2025/texmf-dist/tex/latex/media9/pdfbase.sty
Package: pdfbase 2024/09/16 v0.59 driver independent access to low-level PDF fe
atures

(/usr/local/texlive/2025/texmf-dist/tex/latex/l3backend/l3backend-pdftex.def
File: l3backend-pdftex.def 2025-06-09 L3 backend support: PDF output (pdfTeX)
\l__color_backend_stack_int=\count380
)
\g_pbs_page_int=\count381
\g_pbs_oc_int=\count382
)
(/usr/local/texlive/2025/texmf-dist/tex/latex/zref/zref-abspage.sty
Package: zref-abspage 2025-06-08 v2.36 Module abspage for zref (HO)

(/usr/local/texlive/2025/texmf-dist/tex/latex/zref/zref-base.sty
Package: zref-base 2025-06-08 v2.36 Module base for zref (HO)

(/usr/local/texlive/2025/texmf-dist/tex/generic/etexcmds/etexcmds.sty
Package: etexcmds 2019/12/15 v1.7 Avoid name clashes with e-TeX commands (HO)
)
(/usr/local/texlive/2025/texmf-dist/tex/latex/auxhook/auxhook.sty
Package: auxhook 2019-12-17 v1.6 Hooks for auxiliary files (HO)
)
Package zref Info: New property list: main on input line 767.
Package zref Info: New property: default on input line 768.
Package zref Info: New property: page on input line 769.
)
\c@abspage=\count383
Package zref Info: New property: abspage on input line 67.
)
(/usr/local/texlive/2025/texmf-dist/tex/latex/ocgx2/ocgbase.sty
Package: ocgbase 2024/09/15 v0.24 support package for ocgx2.sty
)
\@anim@box=\box78
\@anim@measbox=\box79
\@anim@tmpdima=\dimen305
\@anim@tmpdimb=\dimen306
\@anim@num=\count384
\@anim@curframe=\count385
\@anim@curframe@zb=\count386
\@anim@resizeflags=\count387
\@anim@skipfram=\count388
\@anim@mulframecnt=\count389
\@anim@@tmlnfile=\read4
\@anim@tmpcnt=\count390
\c@@anim@ltxcnt=\count391
\@anim@curlayer=\count392
\@anim@lineno=\count393
\@anim@curfield=\count394
\@anim@@resizeflags=\count395
)
(/usr/local/texlive/2025/texmf-dist/tex/latex/caption/caption.sty
Package: caption 2023/08/05 v3.6o Customizing captions (AR)

(/usr/local/texlive/2025/texmf-dist/tex/latex/caption/caption3.sty
Package: caption3 2023/07/31 v2.4d caption3 kernel (AR)
\caption@tempdima=\dimen307
\captionmargin=\dimen308
\caption@leftmargin=\dimen309
\caption@rightmargin=\dimen310
\caption@width=\dimen311
\caption@indent=\dimen312
\caption@parindent=\dimen313
\caption@hangindent=\dimen314
Package caption Info: beamer document class detected.

(/usr/local/texlive/2025/texmf-dist/tex/latex/caption/caption-beamer.sto
File: caption-beamer.sto 2022/01/06 v2.0c Adaption of the caption package to th
e beamer document classes (AR)
))
\c@caption@flags=\count396
\c@continuedfloat=\count397
Package caption Info: hyperref package is loaded.
Package caption Info: Hyperref support is turned off
(caption)             because hyperref has stopped early.
)
(/usr/local/texlive/2025/texmf-dist/tex/latex/caption/subcaption.sty
Package: subcaption 2023/07/28 v1.6b Sub-captions (AR)
Package caption Info: New subtype `subfigure' on input line 238.
\c@subfigure=\count398
Package caption Info: New subtype `subtable' on input line 238.
\c@subtable=\count399
)
(/usr/local/texlive/2025/texmf-dist/tex/latex/footmisc/footmisc.sty
Package: footmisc 2025/05/09 v7.0b a miscellany of footnote facilities
\FN@temptoken=\toks57
\footnotemargin=\dimen315
Package footmisc Info: Declaring symbol style bringhurst on input line 549.
Package footmisc Info: Declaring symbol style chicago on input line 557.
Package footmisc Info: Declaring symbol style wiley on input line 566.
Package footmisc Info: Declaring symbol style lamport-robust on input line 577.

Package footmisc Info: Declaring symbol style lamport* on input line 597.
Package footmisc Info: Declaring symbol style lamport*-robust on input line 618
.
)
(/usr/local/texlive/2025/texmf-dist/tex/latex/tools/longtable.sty
Package: longtable 2024-12-18 v4.23 Multi-page Table package (DPC)
\LTleft=\skip87
\LTright=\skip88
\LTpre=\skip89
\LTpost=\skip90
\LTchunksize=\count400
\LTcapwidth=\dimen316
\LT@head=\box80
\LT@firsthead=\box81
\LT@foot=\box82
\LT@lastfoot=\box83
\LT@gbox=\box84
\LT@cols=\count401
\LT@rows=\count402
\c@LT@tables=\count403
\c@LT@chunks=\count404
\LT@p@ftn=\toks58
)
(/usr/local/texlive/2025/texmf-dist/tex/latex/booktabs/booktabs.sty
Package: booktabs 2020/01/12 v1.61803398 Publication quality tables
\heavyrulewidth=\dimen317
\lightrulewidth=\dimen318
\cmidrulewidth=\dimen319
\belowrulesep=\dimen320
\belowbottomsep=\dimen321
\aboverulesep=\dimen322
\abovetopsep=\dimen323
\cmidrulesep=\dimen324
\cmidrulekern=\dimen325
\defaultaddspace=\dimen326
\@cmidla=\count405
\@cmidlb=\count406
\@aboverulesep=\dimen327
\@belowrulesep=\dimen328
\@thisruleclass=\count407
\@lastruleclass=\count408
\@thisrulewidth=\dimen329
)
(/usr/local/texlive/2025/texmf-dist/tex/latex/multirow/multirow.sty
Package: multirow 2024/11/12 v2.9 Span multiple rows of a table
\multirow@colwidth=\skip91
\multirow@cntb=\count409
\multirow@dima=\skip92
\bigstrutjot=\dimen330
)
(/usr/local/texlive/2025/texmf-dist/tex/latex/colortbl/colortbl.sty
Package: colortbl 2024/10/29 v1.0k Color table columns (DPC)

(/usr/local/texlive/2025/texmf-dist/tex/latex/tools/array.sty
Package: array 2025/06/08 v2.6j Tabular extension package (FMi)
\col@sep=\dimen331
\ar@mcellbox=\box85
\extrarowheight=\dimen332
\NC@list=\toks59
\extratabsurround=\skip93
\backup@length=\skip94
\ar@cellbox=\box86
)
\everycr=\toks60
\minrowclearance=\skip95
\rownum=\count410
)
(/usr/local/texlive/2025/texmf-dist/tex/latex/graphics/rotating.sty
Package: rotating 2025/01/14 v2.16e rotated objects in LaTeX
\c@r@tfl@t=\count411
\rotFPtop=\skip96
\rotFPbot=\skip97
\rot@float@box=\box87
\rot@mess@toks=\toks61
)
(/usr/local/texlive/2025/texmf-dist/tex/latex/carlisle/remreset.sty)
(/usr/local/texlive/2025/texmf-dist/tex/latex/enumitem/enumitem.sty
Package: enumitem 2025/02/06 v3.11 Customized lists
\labelindent=\skip98
\enit@outerparindent=\dimen333
\enit@toks=\toks62
\enit@inbox=\box88
\enit@count@id=\count412
\enitdp@description=\count413
)
\c@thmhelper=\count414

(/usr/local/texlive/2025/texmf-dist/tex/latex/pdfpages/pdfpages.sty
Package: pdfpages 2025/07/23 v0.6g Insert pages of external PDF documents (AM)

(/usr/local/texlive/2025/texmf-dist/tex/latex/eso-pic/eso-pic.sty
Package: eso-pic 2023/05/03 v3.0c eso-pic (RN)
\ESO@tempdima=\dimen334
\ESO@tempdimb=\dimen335
)
\AM@pagewidth=\dimen336
\AM@pageheight=\dimen337
\AM@fboxrule=\dimen338

(/usr/local/texlive/2025/texmf-dist/tex/latex/pdfpages/pppdftex.def
File: pppdftex.def 2025/07/23 v0.6g Pdfpages driver for pdfTeX (AM)
)
\pdfpages@includegraphics@status=\count415
\AM@pagebox=\box89
\AM@global@opts=\toks63
\AM@pagecnt=\count416
\AM@toc@title=\toks64
\AM@lof@heading=\toks65
\c@AM@survey=\count417
\AM@templatesizebox=\box90
))
Package csquotes Info: Checking for multilingual support...
Package csquotes Info: ... found 'babel' package.
LaTeX Font Info:    Trying to load font information for T1+lmss on input line 3
7.

(/usr/local/texlive/2025/texmf-dist/tex/latex/lm/t1lmss.fd
File: t1lmss.fd 2015/05/01 v1.6.1 Font defs for Latin Modern
) (./main.aux)
\openout1 = `main.aux'.

LaTeX Font Info:    Checking defaults for OML/cmm/m/it on input line 37.
LaTeX Font Info:    ... okay on input line 37.
LaTeX Font Info:    Checking defaults for OMS/cmsy/m/n on input line 37.
LaTeX Font Info:    ... okay on input line 37.
LaTeX Font Info:    Checking defaults for OT1/cmr/m/n on input line 37.
LaTeX Font Info:    ... okay on input line 37.
LaTeX Font Info:    Checking defaults for T1/cmr/m/n on input line 37.
LaTeX Font Info:    ... okay on input line 37.
LaTeX Font Info:    Checking defaults for TS1/cmr/m/n on input line 37.
LaTeX Font Info:    ... okay on input line 37.
LaTeX Font Info:    Checking defaults for OMX/cmex/m/n on input line 37.
LaTeX Font Info:    ... okay on input line 37.
LaTeX Font Info:    Checking defaults for U/cmr/m/n on input line 37.
LaTeX Font Info:    ... okay on input line 37.
LaTeX Font Info:    Checking defaults for PD1/pdf/m/n on input line 37.
LaTeX Font Info:    ... okay on input line 37.
LaTeX Font Info:    Checking defaults for PU/pdf/m/n on input line 37.
LaTeX Font Info:    ... okay on input line 37.

*geometry* driver: auto-detecting
*geometry* detected driver: pdftex
*geometry* verbose mode - [ preamble ] result:
* driver: pdftex
* paper: custom
* layout: <same size as paper>
* layoutoffset:(h,v)=(0.0pt,0.0pt)
* modes: includehead includefoot 
* h-part:(L,W,R)=(10.95003pt, 342.2953pt, 10.95003pt)
* v-part:(T,H,B)=(0.0pt, 273.14662pt, 0.0pt)
* \paperwidth=364.19536pt
* \paperheight=273.14662pt
* \textwidth=342.2953pt
* \textheight=244.6939pt
* \oddsidemargin=-61.31996pt
* \evensidemargin=-61.31996pt
* \topmargin=-72.26999pt
* \headheight=14.22636pt
* \headsep=0.0pt
* \topskip=11.0pt
* \footskip=14.22636pt
* \marginparwidth=4.0pt
* \marginparsep=10.0pt
* \columnsep=10.0pt
* \skip\footins=10.0pt plus 4.0pt minus 2.0pt
* \hoffset=0.0pt
* \voffset=0.0pt
* \mag=1000
* \@twocolumnfalse
* \@twosidefalse
* \@mparswitchfalse
* \@reversemarginfalse
* (1in=72.27pt=25.4mm, 1cm=28.453pt)

(/usr/local/texlive/2025/texmf-dist/tex/context/base/mkii/supp-pdf.mkii
[Loading MPS to PDF converter (version 2006.09.02).]
\scratchcounter=\count418
\scratchdimen=\dimen339
\scratchbox=\box91
\nofMPsegments=\count419
\nofMParguments=\count420
\everyMPshowfont=\toks66
\MPscratchCnt=\count421
\MPscratchDim=\dimen340
\MPnumerator=\count422
\makeMPintoPDFobject=\count423
\everyMPtoPDFconversion=\toks67
) (/usr/local/texlive/2025/texmf-dist/tex/latex/epstopdf-pkg/epstopdf-base.sty
Package: epstopdf-base 2020-01-24 v2.11 Base part for package epstopdf
Package epstopdf-base Info: Redefining graphics rule for `.eps' on input line 4
85.

(/usr/local/texlive/2025/texmf-dist/tex/latex/latexconfig/epstopdf-sys.cfg
File: epstopdf-sys.cfg 2010/07/13 v1.3 Configuration of (r)epstopdf for TeX Liv
e
))
Package hyperref Info: Link coloring OFF on input line 37.

(./main.out) (./main.out)
\@outlinefile=\write5
\openout5 = `main.out'.

LaTeX Font Info:    Overwriting symbol font `operators' in version `normal'
(Font)                  OT1/lmr/m/n --> OT1/cmss/m/n on input line 37.
LaTeX Font Info:    Overwriting symbol font `operators' in version `bold'
(Font)                  OT1/lmr/bx/n --> OT1/cmss/b/n on input line 37.
LaTeX Font Info:    Overwriting symbol font `operators' in version `normal'
(Font)                  OT1/cmss/m/n --> OT1/lmss/m/n on input line 37.
LaTeX Font Info:    Overwriting symbol font `operators' in version `bold'
(Font)                  OT1/cmss/b/n --> OT1/lmss/b/n on input line 37.
\symnumbers=\mathgroup7
\sympureletters=\mathgroup8
LaTeX Font Info:    Overwriting math alphabet `\mathrm' in version `normal'
(Font)                  OT1/lmr/m/n --> T1/lmr/m/n on input line 37.
LaTeX Font Info:    Redeclaring math alphabet \mathbf on input line 37.
LaTeX Font Info:    Overwriting math alphabet `\mathbf' in version `normal'
(Font)                  OT1/lmr/bx/n --> T1/lmss/b/n on input line 37.
LaTeX Font Info:    Overwriting math alphabet `\mathbf' in version `bold'
(Font)                  OT1/lmr/bx/n --> T1/lmss/b/n on input line 37.
LaTeX Font Info:    Overwriting math alphabet `\mathbf' in version `sans'
(Font)                  OT1/cmr/bx/n --> T1/lmss/b/n on input line 37.
LaTeX Font Info:    Redeclaring math alphabet \mathsf on input line 37.
LaTeX Font Info:    Overwriting math alphabet `\mathsf' in version `normal'
(Font)                  OT1/lmss/m/n --> T1/lmss/m/n on input line 37.
LaTeX Font Info:    Overwriting math alphabet `\mathsf' in version `bold'
(Font)                  OT1/lmss/bx/n --> T1/lmss/m/n on input line 37.
LaTeX Font Info:    Overwriting math alphabet `\mathsf' in version `sans'
(Font)                  OT1/cmss/m/n --> T1/lmss/m/n on input line 37.
LaTeX Font Info:    Redeclaring math alphabet \mathit on input line 37.
LaTeX Font Info:    Overwriting math alphabet `\mathit' in version `normal'
(Font)                  OT1/lmr/m/it --> T1/lmss/m/it on input line 37.
LaTeX Font Info:    Overwriting math alphabet `\mathit' in version `bold'
(Font)                  OT1/lmr/bx/it --> T1/lmss/m/it on input line 37.
LaTeX Font Info:    Overwriting math alphabet `\mathit' in version `sans'
(Font)                  OT1/cmr/m/it --> T1/lmss/m/it on input line 37.
LaTeX Font Info:    Redeclaring math alphabet \mathtt on input line 37.
LaTeX Font Info:    Overwriting math alphabet `\mathtt' in version `normal'
(Font)                  OT1/lmtt/m/n --> T1/lmtt/m/n on input line 37.
LaTeX Font Info:    Overwriting math alphabet `\mathtt' in version `bold'
(Font)                  OT1/lmtt/m/n --> T1/lmtt/m/n on input line 37.
LaTeX Font Info:    Overwriting math alphabet `\mathtt' in version `sans'
(Font)                  OT1/cmtt/m/n --> T1/lmtt/m/n on input line 37.
LaTeX Font Info:    Overwriting symbol font `numbers' in version `bold'
(Font)                  T1/lmss/m/n --> T1/lmss/b/n on input line 37.
LaTeX Font Info:    Overwriting symbol font `pureletters' in version `bold'
(Font)                  T1/lmss/m/it --> T1/lmss/b/it on input line 37.
LaTeX Font Info:    Overwriting math alphabet `\mathrm' in version `bold'
(Font)                  OT1/lmr/bx/n --> T1/lmr/b/n on input line 37.
LaTeX Font Info:    Overwriting math alphabet `\mathbf' in version `bold'
(Font)                  T1/lmss/b/n --> T1/lmss/b/n on input line 37.
LaTeX Font Info:    Overwriting math alphabet `\mathsf' in version `bold'
(Font)                  T1/lmss/m/n --> T1/lmss/b/n on input line 37.
LaTeX Font Info:    Overwriting math alphabet `\mathit' in version `bold'
(Font)                  T1/lmss/m/it --> T1/lmss/b/it on input line 37.
LaTeX Font Info:    Overwriting math alphabet `\mathtt' in version `bold'
(Font)                  T1/lmtt/m/n --> T1/lmtt/b/n on input line 37.

(/usr/local/texlive/2025/texmf-dist/tex/latex/translator/translator-basic-dicti
onary-English.dict
Dictionary: translator-basic-dictionary, Language: English 
)
(/usr/local/texlive/2025/texmf-dist/tex/latex/translator/translator-bibliograph
y-dictionary-English.dict
Dictionary: translator-bibliography-dictionary, Language: English 
)
(/usr/local/texlive/2025/texmf-dist/tex/latex/translator/translator-environment
-dictionary-English.dict
Dictionary: translator-environment-dictionary, Language: English 
)
(/usr/local/texlive/2025/texmf-dist/tex/latex/translator/translator-months-dict
ionary-English.dict
Dictionary: translator-months-dictionary, Language: English 
)
(/usr/local/texlive/2025/texmf-dist/tex/latex/translator/translator-numbers-dic
tionary-English.dict
Dictionary: translator-numbers-dictionary, Language: English 
)
(/usr/local/texlive/2025/texmf-dist/tex/latex/translator/translator-theorem-dic
tionary-English.dict
Dictionary: translator-theorem-dictionary, Language: English 
)
Package caption Info: Begin \AtBeginDocument code.
Package caption Info: longtable package is loaded.

(/usr/local/texlive/2025/texmf-dist/tex/latex/caption/ltcaption.sty
Package: ltcaption 2021/01/08 v1.4c longtable captions (AR)
)
Package caption Info: rotating package is loaded.
Package caption Info: End \AtBeginDocument code.

(/usr/local/texlive/2025/texmf-dist/tex/latex/pdflscape/pdflscape.sty
Package: pdflscape 2025-06-23 v0.14 Display of landscape pages in PDF

(/usr/local/texlive/2025/texmf-dist/tex/latex/pdflscape/pdflscape-nometadata.st
y
Package: pdflscape-nometadata 2025-06-23 v0.14 Display of landscape pages in PD
F (HO)
 (/usr/local/texlive/2025/texmf-dist/tex/latex/graphics/lscape.sty
Package: lscape 2020/05/28 v3.02 Landscape Pages (DPC)
)
Package pdflscape Info: Auto-detected driver: pdftex on input line 81.
))
(./main.nav)

<figures/CD/DHSN-Logo.pdf, id=43, 562.1pt x 289.08pt>
File: figures/CD/DHSN-Logo.pdf Graphic file (type pdf)
<use figures/CD/DHSN-Logo.pdf>
Package pdftex.def Info: figures/CD/DHSN-Logo.pdf  used on input line 41.
(pdftex.def)             Requested size: 56.9055pt x 29.26256pt.
[1

{/usr/local/texlive/2025/texmf-var/fonts/map/pdftex/updmap/pdftex.map}{/usr/loc
al/texlive/2025/texmf-dist/fonts/enc/dvips/lm/lm-ec.enc} <./figures/CD/DHSN-Log
o.pdf>]
<figures/Communication-without-particles-pic1.jpg, id=92, 702.625pt x 710.655pt
>
File: figures/Communication-without-particles-pic1.jpg Graphic file (type jpg)
<use figures/Communication-without-particles-pic1.jpg>
Package pdftex.def Info: figures/Communication-without-particles-pic1.jpg  used
 on input line 45.
(pdftex.def)             Requested size: 205.37926pt x 207.72206pt.


File: figures/CD/DHSN-Logo.pdf Graphic file (type pdf)
<use figures/CD/DHSN-Logo.pdf>
Package pdftex.def Info: figures/CD/DHSN-Logo.pdf  used on input line 45.
(pdftex.def)             Requested size: 56.9055pt x 29.26256pt.
[2

 <./figures/Communication-without-particles-pic1.jpg>]
(./sections/what_is/quantum.tex (./main.toc)

File: figures/CD/DHSN-Logo.pdf Graphic file (type pdf)
<use figures/CD/DHSN-Logo.pdf>
Package pdftex.def Info: figures/CD/DHSN-Logo.pdf  used on input line 1.
(pdftex.def)             Requested size: 56.9055pt x 29.26256pt.
[3

]
<figures/Kommunikation/Democritus.jpg, id=171, 501.875pt x 693.59125pt>
File: figures/Kommunikation/Democritus.jpg Graphic file (type jpg)
<use figures/Kommunikation/Democritus.jpg>
Package pdftex.def Info: figures/Kommunikation/Democritus.jpg  used on input li
ne 16.
(pdftex.def)             Requested size: 123.2252pt x 170.29646pt.
LaTeX Font Info:    Trying to load font information for OT1+lmss on input line 
16.
 (/usr/local/texlive/2025/texmf-dist/tex/latex/lm/ot1lmss.fd
File: ot1lmss.fd 2015/05/01 v1.6.1 Font defs for Latin Modern
)
LaTeX Font Info:    Trying to load font information for U+msa on input line 16.


(/usr/local/texlive/2025/texmf-dist/tex/latex/amsfonts/umsa.fd
File: umsa.fd 2013/01/14 v3.01 AMS symbols A
)
LaTeX Font Info:    Trying to load font information for U+msb on input line 16.


(/usr/local/texlive/2025/texmf-dist/tex/latex/amsfonts/umsb.fd
File: umsb.fd 2013/01/14 v3.01 AMS symbols B
)
LaTeX Font Info:    Font shape `T1/lmss/m/it' in size <10.95> not available
(Font)              Font shape `T1/lmss/m/sl' tried instead on input line 16.
LaTeX Font Info:    Font shape `T1/lmss/m/it' in size <8> not available
(Font)              Font shape `T1/lmss/m/sl' tried instead on input line 16.
LaTeX Font Info:    Font shape `T1/lmss/m/it' in size <6> not available
(Font)              Font shape `T1/lmss/m/sl' tried instead on input line 16.
LaTeX Font Info:    Trying to load font information for TS1+lmss on input line 
16.

(/usr/local/texlive/2025/texmf-dist/tex/latex/lm/ts1lmss.fd
File: ts1lmss.fd 2015/05/01 v1.6.1 Font defs for Latin Modern
)

File: figures/CD/DHSN-Logo.pdf Graphic file (type pdf)
<use figures/CD/DHSN-Logo.pdf>
Package pdftex.def Info: figures/CD/DHSN-Logo.pdf  used on input line 16.
(pdftex.def)             Requested size: 56.9055pt x 29.26256pt.
[4

{/usr/local/texlive/2025/texmf-dist/fonts/enc/dvips/lm/lm-ts1.enc} <./figures/K
ommunikation/Democritus.jpg>]
Underfull \hbox (badness 1226) in paragraph at lines 32--32
\TS1/lmss/m/n/10.95 ^^Y \T1/lmss/m/n/10.95 Licht = Welle mit typ-is-chen
 []

<figures/Kommunikation/Double-slit-exp.png, id=204, 501.875pt x 250.9375pt>
File: figures/Kommunikation/Double-slit-exp.png Graphic file (type png)
<use figures/Kommunikation/Double-slit-exp.png>
Package pdftex.def Info: figures/Kommunikation/Double-slit-exp.png  used on inp
ut line 32.
(pdftex.def)             Requested size: 188.9443pt x 94.47273pt.

Overfull \hbox (24.64403pt too wide) in paragraph at lines 32--32
 [] 
 []



File: figures/CD/DHSN-Logo.pdf Graphic file (type pdf)
<use figures/CD/DHSN-Logo.pdf>
Package pdftex.def Info: figures/CD/DHSN-Logo.pdf  used on input line 32.
(pdftex.def)             Requested size: 56.9055pt x 29.26256pt.
[5

 <./figures/Kommunikation/Double-slit-exp.png>]
<figures/Kommunikation/Photoelectric_effect.png, id=238, 376.40625pt x 376.4062
5pt>
File: figures/Kommunikation/Photoelectric_effect.png Graphic file (type png)
<use figures/Kommunikation/Photoelectric_effect.png>
Package pdftex.def Info: figures/Kommunikation/Photoelectric_effect.png  used o
n input line 52.
(pdftex.def)             Requested size: 139.65623pt x 139.65868pt.


File: figures/CD/DHSN-Logo.pdf Graphic file (type pdf)
<use figures/CD/DHSN-Logo.pdf>
Package pdftex.def Info: figures/CD/DHSN-Logo.pdf  used on input line 52.
(pdftex.def)             Requested size: 56.9055pt x 29.26256pt.
[6

 <./figures/Kommunikation/Photoelectric_effect.png>]
<figures/Kommunikation/atom.png, id=272, 385.44pt x 385.44pt>
File: figures/Kommunikation/atom.png Graphic file (type png)
<use figures/Kommunikation/atom.png>
Package pdftex.def Info: figures/Kommunikation/atom.png  used on input line 74.

(pdftex.def)             Requested size: 57.81349pt x 57.81349pt.
<figures/Kommunikation/sonne.png, id=273, 474.3877pt x 474.3877pt>
File: figures/Kommunikation/sonne.png Graphic file (type png)
<use figures/Kommunikation/sonne.png>
Package pdftex.def Info: figures/Kommunikation/sonne.png  used on input line 74
.
(pdftex.def)             Requested size: 56.92406pt x 56.92406pt.
<figures/Kommunikation/molekul.png, id=274, 51.17876pt x 51.17876pt>
File: figures/Kommunikation/molekul.png Graphic file (type png)
<use figures/Kommunikation/molekul.png>
Package pdftex.def Info: figures/Kommunikation/molekul.png  used on input line 
74.
(pdftex.def)             Requested size: 61.41418pt x 61.41418pt.


File: figures/CD/DHSN-Logo.pdf Graphic file (type pdf)
<use figures/CD/DHSN-Logo.pdf>
Package pdftex.def Info: figures/CD/DHSN-Logo.pdf  used on input line 74.
(pdftex.def)             Requested size: 56.9055pt x 29.26256pt.
[7

 <./figures/Kommunikation/atom.png> <./figures/Kommunikation/sonne.png> <./figu
res/Kommunikation/molekul.png>]) (./sections/what_is/quantum_mechanics.tex
(./main.toc)

File: figures/CD/DHSN-Logo.pdf Graphic file (type pdf)
<use figures/CD/DHSN-Logo.pdf>
Package pdftex.def Info: figures/CD/DHSN-Logo.pdf  used on input line 1.
(pdftex.def)             Requested size: 56.9055pt x 29.26256pt.
[8

]

File: figures/CD/DHSN-Logo.pdf Graphic file (type pdf)
<use figures/CD/DHSN-Logo.pdf>
Package pdftex.def Info: figures/CD/DHSN-Logo.pdf  used on input line 6.
(pdftex.def)             Requested size: 56.9055pt x 29.26256pt.
[9

]

File: figures/CD/DHSN-Logo.pdf Graphic file (type pdf)
<use figures/CD/DHSN-Logo.pdf>
Package pdftex.def Info: figures/CD/DHSN-Logo.pdf  used on input line 19.
(pdftex.def)             Requested size: 56.9055pt x 29.26256pt.
[10

{/usr/local/texlive/2025/texmf-dist/fonts/enc/dvips/lm/lm-rm.enc}]

File: figures/CD/DHSN-Logo.pdf Graphic file (type pdf)
<use figures/CD/DHSN-Logo.pdf>
Package pdftex.def Info: figures/CD/DHSN-Logo.pdf  used on input line 19.
(pdftex.def)             Requested size: 56.9055pt x 29.26256pt.
[11

]
<figures/Kommunikation/superposition_schroedinger.png, id=445, 642.4pt x 688.57
25pt>
File: figures/Kommunikation/superposition_schroedinger.png Graphic file (type p
ng)
<use figures/Kommunikation/superposition_schroedinger.png>
Package pdftex.def Info: figures/Kommunikation/superposition_schroedinger.png  
used on input line 40.
(pdftex.def)             Requested size: 139.65623pt x 149.68976pt.


File: figures/CD/DHSN-Logo.pdf Graphic file (type pdf)
<use figures/CD/DHSN-Logo.pdf>
Package pdftex.def Info: figures/CD/DHSN-Logo.pdf  used on input line 40.
(pdftex.def)             Requested size: 56.9055pt x 29.26256pt.
[12

 <./figures/Kommunikation/superposition_schroedinger.png>]
<figures/Kommunikation/bloch_sphere.png, id=480, 803.0pt x 803.0pt>
File: figures/Kommunikation/bloch_sphere.png Graphic file (type png)
<use figures/Kommunikation/bloch_sphere.png>
Package pdftex.def Info: figures/Kommunikation/bloch_sphere.png  used on input 
line 62.
(pdftex.def)             Requested size: 113.47151pt x 113.46071pt.


File: figures/CD/DHSN-Logo.pdf Graphic file (type pdf)
<use figures/CD/DHSN-Logo.pdf>
Package pdftex.def Info: figures/CD/DHSN-Logo.pdf  used on input line 62.
(pdftex.def)             Requested size: 56.9055pt x 29.26256pt.
[13

 <./figures/Kommunikation/bloch_sphere.png>]
<figures/Kommunikation/verschraenkung.jpg, id=514, 642.4pt x 362.35374pt>
File: figures/Kommunikation/verschraenkung.jpg Graphic file (type jpg)
<use figures/Kommunikation/verschraenkung.jpg>
Package pdftex.def Info: figures/Kommunikation/verschraenkung.jpg  used on inpu
t line 78.
(pdftex.def)             Requested size: 116.37946pt x 65.64107pt.


File: figures/CD/DHSN-Logo.pdf Graphic file (type pdf)
<use figures/CD/DHSN-Logo.pdf>
Package pdftex.def Info: figures/CD/DHSN-Logo.pdf  used on input line 78.
(pdftex.def)             Requested size: 56.9055pt x 29.26256pt.
[14

 <./figures/Kommunikation/verschraenkung.jpg>])
(./sections/what_is/quantum_communication.tex (./main.toc)

File: figures/CD/DHSN-Logo.pdf Graphic file (type pdf)
<use figures/CD/DHSN-Logo.pdf>
Package pdftex.def Info: figures/CD/DHSN-Logo.pdf  used on input line 1.
(pdftex.def)             Requested size: 56.9055pt x 29.26256pt.
[15

]

File: figures/CD/DHSN-Logo.pdf Graphic file (type pdf)
<use figures/CD/DHSN-Logo.pdf>
Package pdftex.def Info: figures/CD/DHSN-Logo.pdf  used on input line 18.
(pdftex.def)             Requested size: 56.9055pt x 29.26256pt.
[16

]

File: figures/CD/DHSN-Logo.pdf Graphic file (type pdf)
<use figures/CD/DHSN-Logo.pdf>
Package pdftex.def Info: figures/CD/DHSN-Logo.pdf  used on input line 18.
(pdftex.def)             Requested size: 56.9055pt x 29.26256pt.
[17

]

File: figures/CD/DHSN-Logo.pdf Graphic file (type pdf)
<use figures/CD/DHSN-Logo.pdf>
Package pdftex.def Info: figures/CD/DHSN-Logo.pdf  used on input line 25.
(pdftex.def)             Requested size: 56.9055pt x 29.26256pt.
[18

]
LaTeX Font Info:    Font shape `T1/lmss/m/it' in size <9> not available
(Font)              Font shape `T1/lmss/m/sl' tried instead on input line 71.
LaTeX Font Info:    Font shape `T1/lmss/m/it' in size <5> not available
(Font)              Font shape `T1/lmss/m/sl' tried instead on input line 71.
LaTeX Font Info:    Font shape `T1/lmss/m/it' in size <14.4> not available
(Font)              Font shape `T1/lmss/m/sl' tried instead on input line 71.
LaTeX Font Info:    Font shape `T1/lmss/m/it' in size <10> not available
(Font)              Font shape `T1/lmss/m/sl' tried instead on input line 71.
LaTeX Font Info:    Font shape `T1/lmss/m/it' in size <7> not available
(Font)              Font shape `T1/lmss/m/sl' tried instead on input line 71.


File: figures/CD/DHSN-Logo.pdf Graphic file (type pdf)
<use figures/CD/DHSN-Logo.pdf>
Package pdftex.def Info: figures/CD/DHSN-Logo.pdf  used on input line 71.
(pdftex.def)             Requested size: 56.9055pt x 29.26256pt.
[19

]

File: figures/CD/DHSN-Logo.pdf Graphic file (type pdf)
<use figures/CD/DHSN-Logo.pdf>
Package pdftex.def Info: figures/CD/DHSN-Logo.pdf  used on input line 71.
(pdftex.def)             Requested size: 56.9055pt x 29.26256pt.
[20


]
<figures/Kommunikation/Polarisation/polarisation-frame-00.png, id=747, 1284.8pt
 x 722.7pt>
File: figures/Kommunikation/Polarisation/polarisation-frame-00.png Graphic file
 (type png)
<use figures/Kommunikation/Polarisation/polarisation-frame-00.png>
Package pdftex.def Info: figures/Kommunikation/Polarisation/polarisation-frame-
00.png  used on input line 85.
(pdftex.def)             Requested size: 1284.79688pt x 722.69823pt.
 <./figures/Kommunikation/Polarisation/polarisation-frame-00.png> <a0,fr0>
<figures/Kommunikation/Polarisation/polarisation-frame-01.png, id=751, 1284.8pt
 x 722.7pt>
File: figures/Kommunikation/Polarisation/polarisation-frame-01.png Graphic file
 (type png)
<use figures/Kommunikation/Polarisation/polarisation-frame-01.png>
Package pdftex.def Info: figures/Kommunikation/Polarisation/polarisation-frame-
01.png  used on input line 85.
(pdftex.def)             Requested size: 1284.79688pt x 722.69823pt.
 <./figures/Kommunikation/Polarisation/polarisation-frame-01.png> <a0,fr1>
<figures/Kommunikation/Polarisation/polarisation-frame-02.png, id=755, 1284.8pt
 x 722.7pt>
File: figures/Kommunikation/Polarisation/polarisation-frame-02.png Graphic file
 (type png)
<use figures/Kommunikation/Polarisation/polarisation-frame-02.png>
Package pdftex.def Info: figures/Kommunikation/Polarisation/polarisation-frame-
02.png  used on input line 85.
(pdftex.def)             Requested size: 1284.79688pt x 722.69823pt.
 <./figures/Kommunikation/Polarisation/polarisation-frame-02.png> <a0,fr2>
<figures/Kommunikation/Polarisation/polarisation-frame-03.png, id=759, 1284.8pt
 x 722.7pt>
File: figures/Kommunikation/Polarisation/polarisation-frame-03.png Graphic file
 (type png)
<use figures/Kommunikation/Polarisation/polarisation-frame-03.png>
Package pdftex.def Info: figures/Kommunikation/Polarisation/polarisation-frame-
03.png  used on input line 85.
(pdftex.def)             Requested size: 1284.79688pt x 722.69823pt.
 <./figures/Kommunikation/Polarisation/polarisation-frame-03.png> <a0,fr3>
<figures/Kommunikation/Polarisation/polarisation-frame-04.png, id=763, 1284.8pt
 x 722.7pt>
File: figures/Kommunikation/Polarisation/polarisation-frame-04.png Graphic file
 (type png)
<use figures/Kommunikation/Polarisation/polarisation-frame-04.png>
Package pdftex.def Info: figures/Kommunikation/Polarisation/polarisation-frame-
04.png  used on input line 85.
(pdftex.def)             Requested size: 1284.79688pt x 722.69823pt.
 <./figures/Kommunikation/Polarisation/polarisation-frame-04.png> <a0,fr4>
<figures/Kommunikation/Polarisation/polarisation-frame-05.png, id=767, 1284.8pt
 x 722.7pt>
File: figures/Kommunikation/Polarisation/polarisation-frame-05.png Graphic file
 (type png)
<use figures/Kommunikation/Polarisation/polarisation-frame-05.png>
Package pdftex.def Info: figures/Kommunikation/Polarisation/polarisation-frame-
05.png  used on input line 85.
(pdftex.def)             Requested size: 1284.79688pt x 722.69823pt.
 <./figures/Kommunikation/Polarisation/polarisation-frame-05.png> <a0,fr5>
<figures/Kommunikation/Polarisation/polarisation-frame-06.png, id=771, 1284.8pt
 x 722.7pt>
File: figures/Kommunikation/Polarisation/polarisation-frame-06.png Graphic file
 (type png)
<use figures/Kommunikation/Polarisation/polarisation-frame-06.png>
Package pdftex.def Info: figures/Kommunikation/Polarisation/polarisation-frame-
06.png  used on input line 85.
(pdftex.def)             Requested size: 1284.79688pt x 722.69823pt.
 <./figures/Kommunikation/Polarisation/polarisation-frame-06.png> <a0,fr6>
<figures/Kommunikation/Polarisation/polarisation-frame-07.png, id=775, 1284.8pt
 x 722.7pt>
File: figures/Kommunikation/Polarisation/polarisation-frame-07.png Graphic file
 (type png)
<use figures/Kommunikation/Polarisation/polarisation-frame-07.png>
Package pdftex.def Info: figures/Kommunikation/Polarisation/polarisation-frame-
07.png  used on input line 85.
(pdftex.def)             Requested size: 1284.79688pt x 722.69823pt.
 <./figures/Kommunikation/Polarisation/polarisation-frame-07.png> <a0,fr7>
<figures/Kommunikation/Polarisation/polarisation-frame-08.png, id=779, 1284.8pt
 x 722.7pt>
File: figures/Kommunikation/Polarisation/polarisation-frame-08.png Graphic file
 (type png)
<use figures/Kommunikation/Polarisation/polarisation-frame-08.png>
Package pdftex.def Info: figures/Kommunikation/Polarisation/polarisation-frame-
08.png  used on input line 85.
(pdftex.def)             Requested size: 1284.79688pt x 722.69823pt.
 <./figures/Kommunikation/Polarisation/polarisation-frame-08.png> <a0,fr8>
<figures/Kommunikation/Polarisation/polarisation-frame-09.png, id=783, 1284.8pt
 x 722.7pt>
File: figures/Kommunikation/Polarisation/polarisation-frame-09.png Graphic file
 (type png)
<use figures/Kommunikation/Polarisation/polarisation-frame-09.png>
Package pdftex.def Info: figures/Kommunikation/Polarisation/polarisation-frame-
09.png  used on input line 85.
(pdftex.def)             Requested size: 1284.79688pt x 722.69823pt.
 <./figures/Kommunikation/Polarisation/polarisation-frame-09.png> <a0,fr9>
<figures/Kommunikation/Polarisation/polarisation-frame-10.png, id=787, 1284.8pt
 x 722.7pt>
File: figures/Kommunikation/Polarisation/polarisation-frame-10.png Graphic file
 (type png)
<use figures/Kommunikation/Polarisation/polarisation-frame-10.png>
Package pdftex.def Info: figures/Kommunikation/Polarisation/polarisation-frame-
10.png  used on input line 85.
(pdftex.def)             Requested size: 1284.79688pt x 722.69823pt.
 <./figures/Kommunikation/Polarisation/polarisation-frame-10.png> <a0,fr10>
<figures/Kommunikation/Polarisation/polarisation-frame-11.png, id=791, 1284.8pt
 x 722.7pt>
File: figures/Kommunikation/Polarisation/polarisation-frame-11.png Graphic file
 (type png)
<use figures/Kommunikation/Polarisation/polarisation-frame-11.png>
Package pdftex.def Info: figures/Kommunikation/Polarisation/polarisation-frame-
11.png  used on input line 85.
(pdftex.def)             Requested size: 1284.79688pt x 722.69823pt.
 <./figures/Kommunikation/Polarisation/polarisation-frame-11.png> <a0,fr11>
<figures/Kommunikation/Polarisation/polarisation-frame-12.png, id=795, 1284.8pt
 x 722.7pt>
File: figures/Kommunikation/Polarisation/polarisation-frame-12.png Graphic file
 (type png)
<use figures/Kommunikation/Polarisation/polarisation-frame-12.png>
Package pdftex.def Info: figures/Kommunikation/Polarisation/polarisation-frame-
12.png  used on input line 85.
(pdftex.def)             Requested size: 1284.79688pt x 722.69823pt.
 <./figures/Kommunikation/Polarisation/polarisation-frame-12.png> <a0,fr12>
<figures/Kommunikation/Polarisation/polarisation-frame-13.png, id=799, 1284.8pt
 x 722.7pt>
File: figures/Kommunikation/Polarisation/polarisation-frame-13.png Graphic file
 (type png)
<use figures/Kommunikation/Polarisation/polarisation-frame-13.png>
Package pdftex.def Info: figures/Kommunikation/Polarisation/polarisation-frame-
13.png  used on input line 85.
(pdftex.def)             Requested size: 1284.79688pt x 722.69823pt.
 <./figures/Kommunikation/Polarisation/polarisation-frame-13.png> <a0,fr13>
<figures/Kommunikation/Polarisation/polarisation-frame-14.png, id=803, 1284.8pt
 x 722.7pt>
File: figures/Kommunikation/Polarisation/polarisation-frame-14.png Graphic file
 (type png)
<use figures/Kommunikation/Polarisation/polarisation-frame-14.png>
Package pdftex.def Info: figures/Kommunikation/Polarisation/polarisation-frame-
14.png  used on input line 85.
(pdftex.def)             Requested size: 1284.79688pt x 722.69823pt.
 <./figures/Kommunikation/Polarisation/polarisation-frame-14.png> <a0,fr14>
<figures/Kommunikation/Polarisation/polarisation-frame-15.png, id=807, 1284.8pt
 x 722.7pt>
File: figures/Kommunikation/Polarisation/polarisation-frame-15.png Graphic file
 (type png)
<use figures/Kommunikation/Polarisation/polarisation-frame-15.png>
Package pdftex.def Info: figures/Kommunikation/Polarisation/polarisation-frame-
15.png  used on input line 85.
(pdftex.def)             Requested size: 1284.79688pt x 722.69823pt.
 <./figures/Kommunikation/Polarisation/polarisation-frame-15.png>
<a0,fr15>
<figures/Kommunikation/Polarisation/polarisation-frame-16.png, id=811, 1284.8pt
 x 722.7pt>
File: figures/Kommunikation/Polarisation/polarisation-frame-16.png Graphic file
 (type png)
<use figures/Kommunikation/Polarisation/polarisation-frame-16.png>
Package pdftex.def Info: figures/Kommunikation/Polarisation/polarisation-frame-
16.png  used on input line 85.
(pdftex.def)             Requested size: 1284.79688pt x 722.69823pt.
 <./figures/Kommunikation/Polarisation/polarisation-frame-16.png>
<a0,fr16>
<figures/Kommunikation/Polarisation/polarisation-frame-17.png, id=815, 1284.8pt
 x 722.7pt>
File: figures/Kommunikation/Polarisation/polarisation-frame-17.png Graphic file
 (type png)
<use figures/Kommunikation/Polarisation/polarisation-frame-17.png>
Package pdftex.def Info: figures/Kommunikation/Polarisation/polarisation-frame-
17.png  used on input line 85.
(pdftex.def)             Requested size: 1284.79688pt x 722.69823pt.
 <./figures/Kommunikation/Polarisation/polarisation-frame-17.png>
<a0,fr17>
<figures/Kommunikation/Polarisation/polarisation-frame-18.png, id=819, 1284.8pt
 x 722.7pt>
File: figures/Kommunikation/Polarisation/polarisation-frame-18.png Graphic file
 (type png)
<use figures/Kommunikation/Polarisation/polarisation-frame-18.png>
Package pdftex.def Info: figures/Kommunikation/Polarisation/polarisation-frame-
18.png  used on input line 85.
(pdftex.def)             Requested size: 1284.79688pt x 722.69823pt.
 <./figures/Kommunikation/Polarisation/polarisation-frame-18.png>
<a0,fr18>
<figures/Kommunikation/Polarisation/polarisation-frame-19.png, id=823, 1284.8pt
 x 722.7pt>
File: figures/Kommunikation/Polarisation/polarisation-frame-19.png Graphic file
 (type png)
<use figures/Kommunikation/Polarisation/polarisation-frame-19.png>
Package pdftex.def Info: figures/Kommunikation/Polarisation/polarisation-frame-
19.png  used on input line 85.
(pdftex.def)             Requested size: 1284.79688pt x 722.69823pt.
 <./figures/Kommunikation/Polarisation/polarisation-frame-19.png>
<a0,fr19>
<figures/Kommunikation/Polarisation/polarisation-frame-20.png, id=827, 1284.8pt
 x 722.7pt>
File: figures/Kommunikation/Polarisation/polarisation-frame-20.png Graphic file
 (type png)
<use figures/Kommunikation/Polarisation/polarisation-frame-20.png>
Package pdftex.def Info: figures/Kommunikation/Polarisation/polarisation-frame-
20.png  used on input line 85.
(pdftex.def)             Requested size: 1284.79688pt x 722.69823pt.
 <./figures/Kommunikation/Polarisation/polarisation-frame-20.png>
<a0,fr20>
<figures/Kommunikation/Polarisation/polarisation-frame-21.png, id=831, 1284.8pt
 x 722.7pt>
File: figures/Kommunikation/Polarisation/polarisation-frame-21.png Graphic file
 (type png)
<use figures/Kommunikation/Polarisation/polarisation-frame-21.png>
Package pdftex.def Info: figures/Kommunikation/Polarisation/polarisation-frame-
21.png  used on input line 85.
(pdftex.def)             Requested size: 1284.79688pt x 722.69823pt.
 <./figures/Kommunikation/Polarisation/polarisation-frame-21.png>
<a0,fr21>
<figures/Kommunikation/Polarisation/polarisation-frame-22.png, id=835, 1284.8pt
 x 722.7pt>
File: figures/Kommunikation/Polarisation/polarisation-frame-22.png Graphic file
 (type png)
<use figures/Kommunikation/Polarisation/polarisation-frame-22.png>
Package pdftex.def Info: figures/Kommunikation/Polarisation/polarisation-frame-
22.png  used on input line 85.
(pdftex.def)             Requested size: 1284.79688pt x 722.69823pt.
 <./figures/Kommunikation/Polarisation/polarisation-frame-22.png>
<a0,fr22>
<figures/Kommunikation/Polarisation/polarisation-frame-23.png, id=839, 1284.8pt
 x 722.7pt>
File: figures/Kommunikation/Polarisation/polarisation-frame-23.png Graphic file
 (type png)
<use figures/Kommunikation/Polarisation/polarisation-frame-23.png>
Package pdftex.def Info: figures/Kommunikation/Polarisation/polarisation-frame-
23.png  used on input line 85.
(pdftex.def)             Requested size: 1284.79688pt x 722.69823pt.
 <./figures/Kommunikation/Polarisation/polarisation-frame-23.png>
<a0,fr23>
<figures/Kommunikation/Polarisation/polarisation-frame-24.png, id=843, 1284.8pt
 x 722.7pt>
File: figures/Kommunikation/Polarisation/polarisation-frame-24.png Graphic file
 (type png)
<use figures/Kommunikation/Polarisation/polarisation-frame-24.png>
Package pdftex.def Info: figures/Kommunikation/Polarisation/polarisation-frame-
24.png  used on input line 85.
(pdftex.def)             Requested size: 1284.79688pt x 722.69823pt.
 <./figures/Kommunikation/Polarisation/polarisation-frame-24.png>
<a0,fr24>

File: figures/CD/DHSN-Logo.pdf Graphic file (type pdf)
<use figures/CD/DHSN-Logo.pdf>
Package pdftex.def Info: figures/CD/DHSN-Logo.pdf  used on input line 85.
(pdftex.def)             Requested size: 56.9055pt x 29.26256pt.
[21

]

File: figures/CD/DHSN-Logo.pdf Graphic file (type pdf)
<use figures/CD/DHSN-Logo.pdf>
Package pdftex.def Info: figures/CD/DHSN-Logo.pdf  used on input line 97.
(pdftex.def)             Requested size: 56.9055pt x 29.26256pt.
[22

]

File: figures/CD/DHSN-Logo.pdf Graphic file (type pdf)
<use figures/CD/DHSN-Logo.pdf>
Package pdftex.def Info: figures/CD/DHSN-Logo.pdf  used on input line 104.
(pdftex.def)             Requested size: 56.9055pt x 29.26256pt.
[23

]

File: figures/CD/DHSN-Logo.pdf Graphic file (type pdf)
<use figures/CD/DHSN-Logo.pdf>
Package pdftex.def Info: figures/CD/DHSN-Logo.pdf  used on input line 114.
(pdftex.def)             Requested size: 56.9055pt x 29.26256pt.
[24

]

File: figures/CD/DHSN-Logo.pdf Graphic file (type pdf)
<use figures/CD/DHSN-Logo.pdf>
Package pdftex.def Info: figures/CD/DHSN-Logo.pdf  used on input line 120.
(pdftex.def)             Requested size: 56.9055pt x 29.26256pt.
[25

]

File: figures/CD/DHSN-Logo.pdf Graphic file (type pdf)
<use figures/CD/DHSN-Logo.pdf>
Package pdftex.def Info: figures/CD/DHSN-Logo.pdf  used on input line 129.
(pdftex.def)             Requested size: 56.9055pt x 29.26256pt.
[26

]

File: figures/CD/DHSN-Logo.pdf Graphic file (type pdf)
<use figures/CD/DHSN-Logo.pdf>
Package pdftex.def Info: figures/CD/DHSN-Logo.pdf  used on input line 137.
(pdftex.def)             Requested size: 56.9055pt x 29.26256pt.
[27

]

File: figures/CD/DHSN-Logo.pdf Graphic file (type pdf)
<use figures/CD/DHSN-Logo.pdf>
Package pdftex.def Info: figures/CD/DHSN-Logo.pdf  used on input line 150.
(pdftex.def)             Requested size: 56.9055pt x 29.26256pt.
[28

]

File: figures/CD/DHSN-Logo.pdf Graphic file (type pdf)
<use figures/CD/DHSN-Logo.pdf>
Package pdftex.def Info: figures/CD/DHSN-Logo.pdf  used on input line 155.
(pdftex.def)             Requested size: 56.9055pt x 29.26256pt.
[29

]) (./sections/advanced/quatum_teleportation_and_networks.tex (./main.toc)

File: figures/CD/DHSN-Logo.pdf Graphic file (type pdf)
<use figures/CD/DHSN-Logo.pdf>
Package pdftex.def Info: figures/CD/DHSN-Logo.pdf  used on input line 1.
(pdftex.def)             Requested size: 56.9055pt x 29.26256pt.
[30

]

File: figures/CD/DHSN-Logo.pdf Graphic file (type pdf)
<use figures/CD/DHSN-Logo.pdf>
Package pdftex.def Info: figures/CD/DHSN-Logo.pdf  used on input line 4.
(pdftex.def)             Requested size: 56.9055pt x 29.26256pt.
[31

]) (./main.toc)

File: figures/CD/DHSN-Logo.pdf Graphic file (type pdf)
<use figures/CD/DHSN-Logo.pdf>
Package pdftex.def Info: figures/CD/DHSN-Logo.pdf  used on input line 62.
(pdftex.def)             Requested size: 56.9055pt x 29.26256pt.
[32

] (./main.bbl
LaTeX Font Info:    Trying to load font information for T1+lmr on input line 11
.
 (/usr/local/texlive/2025/texmf-dist/tex/latex/lm/t1lmr.fd
File: t1lmr.fd 2015/05/01 v1.6.1 Font defs for Latin Modern
)

LaTeX Font Warning: Font shape `T1/lmss/m/sc' in size <10.95> not available
(Font)              Font shape `T1/lmr/m/sc' tried instead on input line 11.

LaTeX Font Info:    Trying to load font information for T1+lmtt on input line 1
5.
(/usr/local/texlive/2025/texmf-dist/tex/latex/lm/t1lmtt.fd
File: t1lmtt.fd 2015/05/01 v1.6.1 Font defs for Latin Modern
))

File: figures/CD/DHSN-Logo.pdf Graphic file (type pdf)
<use figures/CD/DHSN-Logo.pdf>
Package pdftex.def Info: figures/CD/DHSN-Logo.pdf  used on input line 70.
(pdftex.def)             Requested size: 56.9055pt x 29.26256pt.
[33

 </usr/local/texlive/2025/texmf-dist/tex/latex/beamer/beamericonarticle.pdf>]

File: figures/CD/DHSN-Logo.pdf Graphic file (type pdf)
<use figures/CD/DHSN-Logo.pdf>
Package pdftex.def Info: figures/CD/DHSN-Logo.pdf  used on input line 78.
(pdftex.def)             Requested size: 56.9055pt x 29.26256pt.
[34

]
\tf@nav=\write6
\openout6 = `main.nav'.

\tf@toc=\write7
\openout7 = `main.toc'.

\tf@snm=\write8
\openout8 = `main.snm'.

 (./main.aux)
 ***********
LaTeX2e <2025-06-01> patch level 1
L3 programming layer <2025-08-13>
 ***********
Package rerunfilecheck Info: File `main.out' has not changed.
(rerunfilecheck)             Checksum: A806594976B3733DD577791A83823C5D;1143.
 ) 
Here is how much of TeX's memory you used:
 30153 strings out of 467800
 597441 string characters out of 5431888
 979412 words of memory out of 5000000
 58013 multiletter control sequences out of 15000+600000
 766610 words of font info for 133 fonts, out of 8000000 for 9000
 1142 hyphenation exceptions out of 8191
 128i,16n,123p,379b,831s stack positions out of 10000i,1000n,20000p,200000b,200000s
</usr/local/texlive/2025/texmf-dist/fonts/type1/public/amsfonts/cm/cmex10.pfb
></usr/local/texlive/2025/texmf-dist/fonts/type1/public/amsfonts/cm/cmmi10.pfb>
</usr/local/texlive/2025/texmf-dist/fonts/type1/public/amsfonts/cm/cmsy10.pfb><
/usr/local/texlive/2025/texmf-dist/fonts/type1/public/amsfonts/cm/cmsy6.pfb></u
sr/local/texlive/2025/texmf-dist/fonts/type1/public/amsfonts/cm/cmsy8.pfb></usr
/local/texlive/2025/texmf-dist/fonts/type1/public/lm/lmcsc10.pfb></usr/local/te
xlive/2025/texmf-dist/fonts/type1/public/lm/lmss10.pfb></usr/local/texlive/2025
/texmf-dist/fonts/type1/public/lm/lmss12.pfb></usr/local/texlive/2025/texmf-dis
t/fonts/type1/public/lm/lmss8.pfb></usr/local/texlive/2025/texmf-dist/fonts/typ
e1/public/lm/lmss9.pfb></usr/local/texlive/2025/texmf-dist/fonts/type1/public/l
m/lmssbx10.pfb></usr/local/texlive/2025/texmf-dist/fonts/type1/public/lm/lmsso1
0.pfb></usr/local/texlive/2025/texmf-dist/fonts/type1/public/lm/lmsso8.pfb></us
r/local/texlive/2025/texmf-dist/fonts/type1/public/lm/lmtt10.pfb></usr/local/te
xlive/2025/texmf-dist/fonts/type1/public/amsfonts/symbols/msbm10.pfb>
Output written on main.pdf (34 pages, 2524721 bytes).
PDF statistics:
 1434 PDF objects out of 1440 (max. 8388607)
 1163 compressed objects within 12 object streams
 84 named destinations out of 1000 (max. 500000)
 501 words of extra memory for PDF output out of 10000 (max. 10000000)

